[11/07/2025, 5:01:10 AM] - [INFO] - Command: mvn --no-transfer-progress clean test -Dmaven.test.failure.ignore=true -Dtest = AdpTest with option {"cwd":"/var/tmp/Roost/RoostGPT/adp_api_test_karate_sonnet4/7c6fee3b-4e11-49c8-9c36-2abf7aeb8ed7/source/petstore"}
Exited with exitCode: 0
stdout: [INFO] Scanning for projects...
[WARNING] The project io.swagger:swagger-petstore:war:1.0.27-SNAPSHOT uses prerequisites which is only intended for maven-plugin projects but not for non maven-plugin projects. For such purposes you should use the maven-enforcer-plugin. See https://maven.apache.org/enforcer/enforcer-rules/requireMavenVersion.html
[INFO] 
[INFO] --------------------< io.swagger:swagger-petstore >---------------------
[INFO] Building swagger-petstore 1.0.27-SNAPSHOT
[INFO] --------------------------------[ war ]---------------------------------
[INFO] 
[INFO] --- maven-clean-plugin:2.5:clean (default-clean) @ swagger-petstore ---
[INFO] Deleting /var/tmp/Roost/RoostGPT/adp_api_test_karate_sonnet4/7c6fee3b-4e11-49c8-9c36-2abf7aeb8ed7/source/petstore/target
[INFO] 
[INFO] --- download-maven-plugin:1.6.8:wget (swagger-ui) @ swagger-petstore ---
[INFO] Downloading: https://github.com/swagger-api/swagger-ui/archive/master.tar.gz
[INFO] 0/1445K
[INFO] 1/1445K
[INFO] 3/1445K
[INFO] 4/1445K
[INFO] 5/1445K
[INFO] 7/1445K
[INFO] 8/1445K
[INFO] 9/1445K
[INFO] 11/1445K
[INFO] 12/1445K
[INFO] 14/1445K
[INFO] 15/1445K
[INFO] 16/1445K
[INFO] 18/1445K
[INFO] 19/1445K
[INFO] 20/1445K
[INFO] 22/1445K
[INFO] 23/1445K
[INFO] 24/1445K
[INFO] 26/1445K
[INFO] 27/1445K
[INFO] 28/1445K
[INFO] 30/1445K
[INFO] 31/1445K
[INFO] 32/1445K
[INFO] 34/1445K
[INFO] 35/1445K
[INFO] 36/1445K
[INFO] 38/1445K
[INFO] 39/1445K
[INFO] 40/1445K
[INFO] 42/1445K
[INFO] 43/1445K
[INFO] 44/1445K
[INFO] 46/1445K
[INFO] 47/1445K
[INFO] 48/1445K
[INFO] 50/1445K
[INFO] 51/1445K
[INFO] 52/1445K
[INFO] 54/1445K
[INFO] 55/1445K
[INFO] 56/1445K
[INFO] 58/1445K
[INFO] 59/1445K
[INFO] 60/1445K
[INFO] 62/1445K
[INFO] 63/1445K
[INFO] 64/1445K
[INFO] 66/1445K
[INFO] 67/1445K
[INFO] 68/1445K
[INFO] 68/1445K
[INFO] 70/1445K
[INFO] 71/1445K
[INFO] 72/1445K
[INFO] 73/1445K
[INFO] 75/1445K
[INFO] 76/1445K
[INFO] 77/1445K
[INFO] 79/1445K
[INFO] 80/1445K
[INFO] 81/1445K
[INFO] 83/1445K
[INFO] 84/1445K
[INFO] 85/1445K
[INFO] 87/1445K
[INFO] 88/1445K
[INFO] 89/1445K
[INFO] 91/1445K
[INFO] 92/1445K
[INFO] 93/1445K
[INFO] 95/1445K
[INFO] 96/1445K
[INFO] 97/1445K
[INFO] 99/1445K
[INFO] 100/1445K
[INFO] 101/1445K
[INFO] 103/1445K
[INFO] 104/1445K
[INFO] 105/1445K
[INFO] 107/1445K
[INFO] 108/1445K
[INFO] 109/1445K
[INFO] 111/1445K
[INFO] 112/1445K
[INFO] 114/1445K
[INFO] 115/1445K
[INFO] 116/1445K
[INFO] 118/1445K
[INFO] 119/1445K
[INFO] 120/1445K
[INFO] 122/1445K
[INFO] 123/1445K
[INFO] 124/1445K
[INFO] 126/1445K
[INFO] 127/1445K
[INFO] 128/1445K
[INFO] 130/1445K
[INFO] 131/1445K
[INFO] 132/1445K
[INFO] 134/1445K
[INFO] 135/1445K
[INFO] 136/1445K
[INFO] 138/1445K
[INFO] 138/1445K
[INFO] 139/1445K
[INFO] 140/1445K
[INFO] 142/1445K
[INFO] 143/1445K
[INFO] 144/1445K
[INFO] 146/1445K
[INFO] 147/1445K
[INFO] 148/1445K
[INFO] 150/1445K
[INFO] 151/1445K
[INFO] 152/1445K
[INFO] 154/1445K
[INFO] 155/1445K
[INFO] 156/1445K
[INFO] 158/1445K
[INFO] 159/1445K
[INFO] 160/1445K
[INFO] 162/1445K
[INFO] 163/1445K
[INFO] 164/1445K
[INFO] 166/1445K
[INFO] 167/1445K
[INFO] 168/1445K
[INFO] 170/1445K
[INFO] 171/1445K
[INFO] 172/1445K
[INFO] 174/1445K
[INFO] 175/1445K
[INFO] 176/1445K
[INFO] 178/1445K
[INFO] 179/1445K
[INFO] 181/1445K
[INFO] 182/1445K
[INFO] 183/1445K
[INFO] 185/1445K
[INFO] 186/1445K
[INFO] 187/1445K
[INFO] 189/1445K
[INFO] 190/1445K
[INFO] 191/1445K
[INFO] 193/1445K
[INFO] 194/1445K
[INFO] 195/1445K
[INFO] 197/1445K
[INFO] 198/1445K
[INFO] 199/1445K
[INFO] 201/1445K
[INFO] 202/1445K
[INFO] 203/1445K
[INFO] 205/1445K
[INFO] 205/1445K
[INFO] 206/1445K
[INFO] 207/1445K
[INFO] 209/1445K
[INFO] 210/1445K
[INFO] 211/1445K
[INFO] 213/1445K
[INFO] 214/1445K
[INFO] 215/1445K
[INFO] 217/1445K
[INFO] 218/1445K
[INFO] 219/1445K
[INFO] 221/1445K
[INFO] 222/1445K
[INFO] 223/1445K
[INFO] 225/1445K
[INFO] 226/1445K
[INFO] 227/1445K
[INFO] 229/1445K
[INFO] 230/1445K
[INFO] 231/1445K
[INFO] 233/1445K
[INFO] 234/1445K
[INFO] 235/1445K
[INFO] 237/1445K
[INFO] 238/1445K
[INFO] 239/1445K
[INFO] 241/1445K
[INFO] 242/1445K
[INFO] 243/1445K
[INFO] 245/1445K
[INFO] 246/1445K
[INFO] 248/1445K
[INFO] 249/1445K
[INFO] 250/1445K
[INFO] 252/1445K
[INFO] 253/1445K
[INFO] 254/1445K
[INFO] 256/1445K
[INFO] 257/1445K
[INFO] 258/1445K
[INFO] 260/1445K
[INFO] 261/1445K
[INFO] 262/1445K
[INFO] 264/1445K
[INFO] 265/1445K
[INFO] 266/1445K
[INFO] 268/1445K
[INFO] 269/1445K
[INFO] 270/1445K
[INFO] 272/1445K
[INFO] 272/1445K
[INFO] 273/1445K
[INFO] 274/1445K
[INFO] 276/1445K
[INFO] 277/1445K
[INFO] 278/1445K
[INFO] 280/1445K
[INFO] 281/1445K
[INFO] 282/1445K
[INFO] 284/1445K
[INFO] 285/1445K
[INFO] 286/1445K
[INFO] 288/1445K
[INFO] 289/1445K
[INFO] 290/1445K
[INFO] 292/1445K
[INFO] 293/1445K
[INFO] 294/1445K
[INFO] 296/1445K
[INFO] 297/1445K
[INFO] 298/1445K
[INFO] 300/1445K
[INFO] 301/1445K
[INFO] 302/1445K
[INFO] 304/1445K
[INFO] 305/1445K
[INFO] 306/1445K
[INFO] 308/1445K
[INFO] 309/1445K
[INFO] 310/1445K
[INFO] 312/1445K
[INFO] 313/1445K
[INFO] 315/1445K
[INFO] 316/1445K
[INFO] 317/1445K
[INFO] 319/1445K
[INFO] 320/1445K
[INFO] 321/1445K
[INFO] 323/1445K
[INFO] 324/1445K
[INFO] 325/1445K
[INFO] 327/1445K
[INFO] 328/1445K
[INFO] 329/1445K
[INFO] 331/1445K
[INFO] 332/1445K
[INFO] 333/1445K
[INFO] 335/1445K
[INFO] 336/1445K
[INFO] 337/1445K
[INFO] 339/1445K
[INFO] 339/1445K
[INFO] 340/1445K
[INFO] 341/1445K
[INFO] 343/1445K
[INFO] 344/1445K
[INFO] 345/1445K
[INFO] 347/1445K
[INFO] 348/1445K
[INFO] 349/1445K
[INFO] 351/1445K
[INFO] 352/1445K
[INFO] 353/1445K
[INFO] 355/1445K
[INFO] 356/1445K
[INFO] 357/1445K
[INFO] 359/1445K
[INFO] 360/1445K
[INFO] 361/1445K
[INFO] 363/1445K
[INFO] 364/1445K
[INFO] 365/1445K
[INFO] 367/1445K
[INFO] 368/1445K
[INFO] 369/1445K
[INFO] 371/1445K
[INFO] 372/1445K
[INFO] 373/1445K
[INFO] 375/1445K
[INFO] 376/1445K
[INFO] 377/1445K
[INFO] 379/1445K
[INFO] 380/1445K
[INFO] 382/1445K
[INFO] 383/1445K
[INFO] 384/1445K
[INFO] 386/1445K
[INFO] 387/1445K
[INFO] 388/1445K
[INFO] 390/1445K
[INFO] 391/1445K
[INFO] 392/1445K
[INFO] 394/1445K
[INFO] 395/1445K
[INFO] 396/1445K
[INFO] 398/1445K
[INFO] 399/1445K
[INFO] 400/1445K
[INFO] 402/1445K
[INFO] 403/1445K
[INFO] 404/1445K
[INFO] 406/1445K
[INFO] 407/1445K
[INFO] 408/1445K
[INFO] 410/1445K
[INFO] 411/1445K
[INFO] 412/1445K
[INFO] 414/1445K
[INFO] 415/1445K
[INFO] 416/1445K
[INFO] 418/1445K
[INFO] 419/1445K
[INFO] 420/1445K
[INFO] 422/1445K
[INFO] 423/1445K
[INFO] 424/1445K
[INFO] 426/1445K
[INFO] 427/1445K
[INFO] 428/1445K
[INFO] 430/1445K
[INFO] 431/1445K
[INFO] 432/1445K
[INFO] 434/1445K
[INFO] 435/1445K
[INFO] 436/1445K
[INFO] 438/1445K
[INFO] 439/1445K
[INFO] 440/1445K
[INFO] 442/1445K
[INFO] 443/1445K
[INFO] 444/1445K
[INFO] 446/1445K
[INFO] 447/1445K
[INFO] 448/1445K
[INFO] 450/1445K
[INFO] 451/1445K
[INFO] 452/1445K
[INFO] 454/1445K
[INFO] 454/1445K
[INFO] 455/1445K
[INFO] 457/1445K
[INFO] 458/1445K
[INFO] 459/1445K
[INFO] 461/1445K
[INFO] 462/1445K
[INFO] 463/1445K
[INFO] 465/1445K
[INFO] 466/1445K
[INFO] 467/1445K
[INFO] 469/1445K
[INFO] 470/1445K
[INFO] 471/1445K
[INFO] 473/1445K
[INFO] 474/1445K
[INFO] 475/1445K
[INFO] 477/1445K
[INFO] 478/1445K
[INFO] 479/1445K
[INFO] 481/1445K
[INFO] 482/1445K
[INFO] 483/1445K
[INFO] 485/1445K
[INFO] 486/1445K
[INFO] 487/1445K
[INFO] 489/1445K
[INFO] 490/1445K
[INFO] 491/1445K
[INFO] 493/1445K
[INFO] 494/1445K
[INFO] 495/1445K
[INFO] 497/1445K
[INFO] 498/1445K
[INFO] 499/1445K
[INFO] 501/1445K
[INFO] 502/1445K
[INFO] 503/1445K
[INFO] 505/1445K
[INFO] 506/1445K
[INFO] 507/1445K
[INFO] 509/1445K
[INFO] 510/1445K
[INFO] 511/1445K
[INFO] 513/1445K
[INFO] 514/1445K
[INFO] 515/1445K
[INFO] 517/1445K
[INFO] 518/1445K
[INFO] 519/1445K
[INFO] 521/1445K
[INFO] 521/1445K
[INFO] 522/1445K
[INFO] 524/1445K
[INFO] 525/1445K
[INFO] 526/1445K
[INFO] 528/1445K
[INFO] 529/1445K
[INFO] 530/1445K
[INFO] 532/1445K
[INFO] 533/1445K
[INFO] 534/1445K
[INFO] 536/1445K
[INFO] 537/1445K
[INFO] 538/1445K
[INFO] 540/1445K
[INFO] 541/1445K
[INFO] 542/1445K
[INFO] 544/1445K
[INFO] 545/1445K
[INFO] 546/1445K
[INFO] 548/1445K
[INFO] 549/1445K
[INFO] 550/1445K
[INFO] 552/1445K
[INFO] 553/1445K
[INFO] 554/1445K
[INFO] 556/1445K
[INFO] 557/1445K
[INFO] 558/1445K
[INFO] 560/1445K
[INFO] 561/1445K
[INFO] 562/1445K
[INFO] 564/1445K
[INFO] 565/1445K
[INFO] 566/1445K
[INFO] 568/1445K
[INFO] 569/1445K
[INFO] 570/1445K
[INFO] 572/1445K
[INFO] 573/1445K
[INFO] 574/1445K
[INFO] 576/1445K
[INFO] 577/1445K
[INFO] 578/1445K
[INFO] 580/1445K
[INFO] 581/1445K
[INFO] 582/1445K
[INFO] 584/1445K
[INFO] 585/1445K
[INFO] 586/1445K
[INFO] 588/1445K
[INFO] 589/1445K
[INFO] 590/1445K
[INFO] 592/1445K
[INFO] 593/1445K
[INFO] 594/1445K
[INFO] 596/1445K
[INFO] 597/1445K
[INFO] 598/1445K
[INFO] 600/1445K
[INFO] 601/1445K
[INFO] 602/1445K
[INFO] 604/1445K
[INFO] 605/1445K
[INFO] 606/1445K
[INFO] 608/1445K
[INFO] 609/1445K
[INFO] 610/1445K
[INFO] 612/1445K
[INFO] 613/1445K
[INFO] 615/1445K
[INFO] 616/1445K
[INFO] 617/1445K
[INFO] 619/1445K
[INFO] 620/1445K
[INFO] 621/1445K
[INFO] 623/1445K
[INFO] 624/1445K
[INFO] 625/1445K
[INFO] 627/1445K
[INFO] 628/1445K
[INFO] 628/1445K
[INFO] 629/1445K
[INFO] 631/1445K
[INFO] 632/1445K
[INFO] 633/1445K
[INFO] 635/1445K
[INFO] 636/1445K
[INFO] 637/1445K
[INFO] 639/1445K
[INFO] 640/1445K
[INFO] 641/1445K
[INFO] 643/1445K
[INFO] 644/1445K
[INFO] 645/1445K
[INFO] 647/1445K
[INFO] 648/1445K
[INFO] 649/1445K
[INFO] 651/1445K
[INFO] 652/1445K
[INFO] 653/1445K
[INFO] 655/1445K
[INFO] 656/1445K
[INFO] 657/1445K
[INFO] 659/1445K
[INFO] 660/1445K
[INFO] 661/1445K
[INFO] 663/1445K
[INFO] 664/1445K
[INFO] 665/1445K
[INFO] 667/1445K
[INFO] 668/1445K
[INFO] 669/1445K
[INFO] 671/1445K
[INFO] 672/1445K
[INFO] 673/1445K
[INFO] 675/1445K
[INFO] 676/1445K
[INFO] 677/1445K
[INFO] 679/1445K
[INFO] 680/1445K
[INFO] 682/1445K
[INFO] 683/1445K
[INFO] 684/1445K
[INFO] 686/1445K
[INFO] 687/1445K
[INFO] 688/1445K
[INFO] 690/1445K
[INFO] 691/1445K
[INFO] 692/1445K
[INFO] 694/1445K
[INFO] 695/1445K
[INFO] 695/1445K
[INFO] 696/1445K
[INFO] 698/1445K
[INFO] 699/1445K
[INFO] 700/1445K
[INFO] 702/1445K
[INFO] 703/1445K
[INFO] 704/1445K
[INFO] 706/1445K
[INFO] 707/1445K
[INFO] 708/1445K
[INFO] 710/1445K
[INFO] 711/1445K
[INFO] 712/1445K
[INFO] 714/1445K
[INFO] 715/1445K
[INFO] 716/1445K
[INFO] 718/1445K
[INFO] 719/1445K
[INFO] 720/1445K
[INFO] 722/1445K
[INFO] 723/1445K
[INFO] 724/1445K
[INFO] 726/1445K
[INFO] 727/1445K
[INFO] 728/1445K
[INFO] 730/1445K
[INFO] 731/1445K
[INFO] 732/1445K
[INFO] 734/1445K
[INFO] 735/1445K
[INFO] 736/1445K
[INFO] 738/1445K
[INFO] 739/1445K
[INFO] 740/1445K
[INFO] 742/1445K
[INFO] 743/1445K
[INFO] 744/1445K
[INFO] 746/1445K
[INFO] 747/1445K
[INFO] 749/1445K
[INFO] 750/1445K
[INFO] 751/1445K
[INFO] 753/1445K
[INFO] 754/1445K
[INFO] 755/1445K
[INFO] 757/1445K
[INFO] 758/1445K
[INFO] 759/1445K
[INFO] 761/1445K
[INFO] 762/1445K
[INFO] 762/1445K
[INFO] 763/1445K
[INFO] 765/1445K
[INFO] 766/1445K
[INFO] 767/1445K
[INFO] 769/1445K
[INFO] 770/1445K
[INFO] 771/1445K
[INFO] 773/1445K
[INFO] 774/1445K
[INFO] 775/1445K
[INFO] 777/1445K
[INFO] 778/1445K
[INFO] 779/1445K
[INFO] 781/1445K
[INFO] 782/1445K
[INFO] 783/1445K
[INFO] 785/1445K
[INFO] 786/1445K
[INFO] 787/1445K
[INFO] 789/1445K
[INFO] 790/1445K
[INFO] 791/1445K
[INFO] 793/1445K
[INFO] 794/1445K
[INFO] 795/1445K
[INFO] 797/1445K
[INFO] 798/1445K
[INFO] 799/1445K
[INFO] 801/1445K
[INFO] 802/1445K
[INFO] 803/1445K
[INFO] 805/1445K
[INFO] 806/1445K
[INFO] 807/1445K
[INFO] 809/1445K
[INFO] 810/1445K
[INFO] 811/1445K
[INFO] 813/1445K
[INFO] 814/1445K
[INFO] 816/1445K
[INFO] 817/1445K
[INFO] 818/1445K
[INFO] 820/1445K
[INFO] 821/1445K
[INFO] 822/1445K
[INFO] 824/1445K
[INFO] 825/1445K
[INFO] 826/1445K
[INFO] 828/1445K
[INFO] 829/1445K
[INFO] 830/1445K
[INFO] 832/1445K
[INFO] 833/1445K
[INFO] 834/1445K
[INFO] 836/1445K
[INFO] 837/1445K
[INFO] 838/1445K
[INFO] 840/1445K
[INFO] 841/1445K
[INFO] 842/1445K
[INFO] 844/1445K
[INFO] 845/1445K
[INFO] 846/1445K
[INFO] 848/1445K
[INFO] 849/1445K
[INFO] 850/1445K
[INFO] 852/1445K
[INFO] 853/1445K
[INFO] 854/1445K
[INFO] 856/1445K
[INFO] 857/1445K
[INFO] 858/1445K
[INFO] 860/1445K
[INFO] 861/1445K
[INFO] 862/1445K
[INFO] 864/1445K
[INFO] 865/1445K
[INFO] 866/1445K
[INFO] 868/1445K
[INFO] 869/1445K
[INFO] 870/1445K
[INFO] 872/1445K
[INFO] 873/1445K
[INFO] 874/1445K
[INFO] 876/1445K
[INFO] 877/1445K
[INFO] 878/1445K
[INFO] 880/1445K
[INFO] 881/1445K
[INFO] 882/1445K
[INFO] 884/1445K
[INFO] 884/1445K
[INFO] 885/1445K
[INFO] 887/1445K
[INFO] 888/1445K
[INFO] 889/1445K
[INFO] 891/1445K
[INFO] 892/1445K
[INFO] 893/1445K
[INFO] 895/1445K
[INFO] 896/1445K
[INFO] 897/1445K
[INFO] 899/1445K
[INFO] 900/1445K
[INFO] 901/1445K
[INFO] 903/1445K
[INFO] 904/1445K
[INFO] 905/1445K
[INFO] 907/1445K
[INFO] 908/1445K
[INFO] 909/1445K
[INFO] 911/1445K
[INFO] 912/1445K
[INFO] 913/1445K
[INFO] 915/1445K
[INFO] 916/1445K
[INFO] 917/1445K
[INFO] 919/1445K
[INFO] 920/1445K
[INFO] 921/1445K
[INFO] 923/1445K
[INFO] 924/1445K
[INFO] 925/1445K
[INFO] 927/1445K
[INFO] 928/1445K
[INFO] 929/1445K
[INFO] 931/1445K
[INFO] 932/1445K
[INFO] 933/1445K
[INFO] 935/1445K
[INFO] 936/1445K
[INFO] 937/1445K
[INFO] 939/1445K
[INFO] 940/1445K
[INFO] 941/1445K
[INFO] 943/1445K
[INFO] 944/1445K
[INFO] 945/1445K
[INFO] 947/1445K
[INFO] 948/1445K
[INFO] 949/1445K
[INFO] 951/1445K
[INFO] 951/1445K
[INFO] 952/1445K
[INFO] 954/1445K
[INFO] 955/1445K
[INFO] 956/1445K
[INFO] 958/1445K
[INFO] 959/1445K
[INFO] 960/1445K
[INFO] 962/1445K
[INFO] 963/1445K
[INFO] 964/1445K
[INFO] 966/1445K
[INFO] 967/1445K
[INFO] 968/1445K
[INFO] 970/1445K
[INFO] 971/1445K
[INFO] 972/1445K
[INFO] 974/1445K
[INFO] 975/1445K
[INFO] 976/1445K
[INFO] 978/1445K
[INFO] 979/1445K
[INFO] 980/1445K
[INFO] 982/1445K
[INFO] 983/1445K
[INFO] 984/1445K
[INFO] 986/1445K
[INFO] 987/1445K
[INFO] 988/1445K
[INFO] 990/1445K
[INFO] 991/1445K
[INFO] 992/1445K
[INFO] 994/1445K
[INFO] 995/1445K
[INFO] 996/1445K
[INFO] 998/1445K
[INFO] 999/1445K
[INFO] 1000/1445K
[INFO] 1002/1445K
[INFO] 1003/1445K
[INFO] 1004/1445K
[INFO] 1006/1445K
[INFO] 1007/1445K
[INFO] 1008/1445K
[INFO] 1010/1445K
[INFO] 1011/1445K
[INFO] 1012/1445K
[INFO] 1014/1445K
[INFO] 1015/1445K
[INFO] 1016/1445K
[INFO] 1018/1445K
[INFO] 1018/1445K
[INFO] 1019/1445K
[INFO] 1021/1445K
[INFO] 1022/1445K
[INFO] 1023/1445K
[INFO] 1025/1445K
[INFO] 1026/1445K
[INFO] 1027/1445K
[INFO] 1029/1445K
[INFO] 1030/1445K
[INFO] 1031/1445K
[INFO] 1033/1445K
[INFO] 1034/1445K
[INFO] 1035/1445K
[INFO] 1037/1445K
[INFO] 1038/1445K
[INFO] 1039/1445K
[INFO] 1041/1445K
[INFO] 1042/1445K
[INFO] 1043/1445K
[INFO] 1045/1445K
[INFO] 1046/1445K
[INFO] 1047/1445K
[INFO] 1049/1445K
[INFO] 1050/1445K
[INFO] 1051/1445K
[INFO] 1053/1445K
[INFO] 1054/1445K
[INFO] 1055/1445K
[INFO] 1057/1445K
[INFO] 1058/1445K
[INFO] 1059/1445K
[INFO] 1061/1445K
[INFO] 1062/1445K
[INFO] 1063/1445K
[INFO] 1065/1445K
[INFO] 1066/1445K
[INFO] 1067/1445K
[INFO] 1069/1445K
[INFO] 1070/1445K
[INFO] 1071/1445K
[INFO] 1073/1445K
[INFO] 1074/1445K
[INFO] 1075/1445K
[INFO] 1077/1445K
[INFO] 1078/1445K
[INFO] 1079/1445K
[INFO] 1081/1445K
[INFO] 1082/1445K
[INFO] 1083/1445K
[INFO] 1085/1445K
[INFO] 1085/1445K
[INFO] 1086/1445K
[INFO] 1088/1445K
[INFO] 1089/1445K
[INFO] 1090/1445K
[INFO] 1092/1445K
[INFO] 1093/1445K
[INFO] 1094/1445K
[INFO] 1096/1445K
[INFO] 1097/1445K
[INFO] 1098/1445K
[INFO] 1100/1445K
[INFO] 1101/1445K
[INFO] 1102/1445K
[INFO] 1104/1445K
[INFO] 1105/1445K
[INFO] 1106/1445K
[INFO] 1108/1445K
[INFO] 1109/1445K
[INFO] 1110/1445K
[INFO] 1112/1445K
[INFO] 1113/1445K
[INFO] 1114/1445K
[INFO] 1116/1445K
[INFO] 1117/1445K
[INFO] 1118/1445K
[INFO] 1120/1445K
[INFO] 1121/1445K
[INFO] 1122/1445K
[INFO] 1124/1445K
[INFO] 1125/1445K
[INFO] 1126/1445K
[INFO] 1128/1445K
[INFO] 1129/1445K
[INFO] 1130/1445K
[INFO] 1132/1445K
[INFO] 1133/1445K
[INFO] 1134/1445K
[INFO] 1136/1445K
[INFO] 1137/1445K
[INFO] 1138/1445K
[INFO] 1140/1445K
[INFO] 1141/1445K
[INFO] 1142/1445K
[INFO] 1144/1445K
[INFO] 1145/1445K
[INFO] 1146/1445K
[INFO] 1148/1445K
[INFO] 1149/1445K
[INFO] 1150/1445K
[INFO] 1152/1445K
[INFO] 1152/1445K
[INFO] 1153/1445K
[INFO] 1155/1445K
[INFO] 1156/1445K
[INFO] 1157/1445K
[INFO] 1159/1445K
[INFO] 1160/1445K
[INFO] 1161/1445K
[INFO] 1163/1445K
[INFO] 1164/1445K
[INFO] 1165/1445K
[INFO] 1167/1445K
[INFO] 1168/1445K
[INFO] 1169/1445K
[INFO] 1171/1445K
[INFO] 1172/1445K
[INFO] 1173/1445K
[INFO] 1175/1445K
[INFO] 1176/1445K
[INFO] 1177/1445K
[INFO] 1179/1445K
[INFO] 1180/1445K
[INFO] 1181/1445K
[INFO] 1183/1445K
[INFO] 1184/1445K
[INFO] 1185/1445K
[INFO] 1187/1445K
[INFO] 1188/1445K
[INFO] 1189/1445K
[INFO] 1191/1445K
[INFO] 1192/1445K
[INFO] 1193/1445K
[INFO] 1195/1445K
[INFO] 1196/1445K
[INFO] 1197/1445K
[INFO] 1199/1445K
[INFO] 1200/1445K
[INFO] 1201/1445K
[INFO] 1203/1445K
[INFO] 1204/1445K
[INFO] 1205/1445K
[INFO] 1207/1445K
[INFO] 1208/1445K
[INFO] 1209/1445K
[INFO] 1211/1445K
[INFO] 1212/1445K
[INFO] 1213/1445K
[INFO] 1215/1445K
[INFO] 1216/1445K
[INFO] 1217/1445K
[INFO] 1219/1445K
[INFO] 1219/1445K
[INFO] 1220/1445K
[INFO] 1222/1445K
[INFO] 1223/1445K
[INFO] 1224/1445K
[INFO] 1226/1445K
[INFO] 1227/1445K
[INFO] 1228/1445K
[INFO] 1230/1445K
[INFO] 1231/1445K
[INFO] 1232/1445K
[INFO] 1234/1445K
[INFO] 1235/1445K
[INFO] 1236/1445K
[INFO] 1238/1445K
[INFO] 1239/1445K
[INFO] 1240/1445K
[INFO] 1242/1445K
[INFO] 1243/1445K
[INFO] 1244/1445K
[INFO] 1246/1445K
[INFO] 1247/1445K
[INFO] 1248/1445K
[INFO] 1250/1445K
[INFO] 1251/1445K
[INFO] 1252/1445K
[INFO] 1254/1445K
[INFO] 1255/1445K
[INFO] 1256/1445K
[INFO] 1258/1445K
[INFO] 1259/1445K
[INFO] 1260/1445K
[INFO] 1262/1445K
[INFO] 1263/1445K
[INFO] 1264/1445K
[INFO] 1266/1445K
[INFO] 1267/1445K
[INFO] 1268/1445K
[INFO] 1270/1445K
[INFO] 1271/1445K
[INFO] 1272/1445K
[INFO] 1274/1445K
[INFO] 1275/1445K
[INFO] 1276/1445K
[INFO] 1278/1445K
[INFO] 1279/1445K
[INFO] 1280/1445K
[INFO] 1282/1445K
[INFO] 1283/1445K
[INFO] 1284/1445K
[INFO] 1286/1445K
[INFO] 1286/1445K
[INFO] 1287/1445K
[INFO] 1289/1445K
[INFO] 1290/1445K
[INFO] 1291/1445K
[INFO] 1293/1445K
[INFO] 1294/1445K
[INFO] 1295/1445K
[INFO] 1297/1445K
[INFO] 1298/1445K
[INFO] 1299/1445K
[INFO] 1301/1445K
[INFO] 1302/1445K
[INFO] 1303/1445K
[INFO] 1305/1445K
[INFO] 1306/1445K
[INFO] 1307/1445K
[INFO] 1309/1445K
[INFO] 1310/1445K
[INFO] 1311/1445K
[INFO] 1313/1445K
[INFO] 1314/1445K
[INFO] 1315/1445K
[INFO] 1317/1445K
[INFO] 1318/1445K
[INFO] 1319/1445K
[INFO] 1321/1445K
[INFO] 1322/1445K
[INFO] 1323/1445K
[INFO] 1325/1445K
[INFO] 1326/1445K
[INFO] 1327/1445K
[INFO] 1329/1445K
[INFO] 1330/1445K
[INFO] 1331/1445K
[INFO] 1333/1445K
[INFO] 1334/1445K
[INFO] 1335/1445K
[INFO] 1337/1445K
[INFO] 1338/1445K
[INFO] 1339/1445K
[INFO] 1341/1445K
[INFO] 1342/1445K
[INFO] 1343/1445K
[INFO] 1345/1445K
[INFO] 1346/1445K
[INFO] 1347/1445K
[INFO] 1349/1445K
[INFO] 1350/1445K
[INFO] 1351/1445K
[INFO] 1353/1445K
[INFO] 1354/1445K
[INFO] 1355/1445K
[INFO] 1357/1445K
[INFO] 1358/1445K
[INFO] 1359/1445K
[INFO] 1361/1445K
[INFO] 1362/1445K
[INFO] 1363/1445K
[INFO] 1365/1445K
[INFO] 1366/1445K
[INFO] 1367/1445K
[INFO] 1369/1445K
[INFO] 1370/1445K
[INFO] 1371/1445K
[INFO] 1373/1445K
[INFO] 1374/1445K
[INFO] 1375/1445K
[INFO] 1376/1445K
[INFO] 1377/1445K
[INFO] 1378/1445K
[INFO] 1380/1445K
[INFO] 1381/1445K
[INFO] 1382/1445K
[INFO] 1384/1445K
[INFO] 1385/1445K
[INFO] 1386/1445K
[INFO] 1388/1445K
[INFO] 1389/1445K
[INFO] 1390/1445K
[INFO] 1392/1445K
[INFO] 1393/1445K
[INFO] 1394/1445K
[INFO] 1396/1445K
[INFO] 1397/1445K
[INFO] 1398/1445K
[INFO] 1400/1445K
[INFO] 1401/1445K
[INFO] 1402/1445K
[INFO] 1404/1445K
[INFO] 1405/1445K
[INFO] 1406/1445K
[INFO] 1408/1445K
[INFO] 1409/1445K
[INFO] 1410/1445K
[INFO] 1412/1445K
[INFO] 1413/1445K
[INFO] 1414/1445K
[INFO] 1416/1445K
[INFO] 1417/1445K
[INFO] 1418/1445K
[INFO] 1420/1445K
[INFO] 1421/1445K
[INFO] 1422/1445K
[INFO] 1424/1445K
[INFO] 1425/1445K
[INFO] 1426/1445K
[INFO] 1428/1445K
[INFO] 1429/1445K
[INFO] 1430/1445K
[INFO] 1432/1445K
[INFO] 1433/1445K
[INFO] 1434/1445K
[INFO] 1436/1445K
[INFO] 1437/1445K
[INFO] 1438/1445K
[INFO] 1440/1445K
[INFO] 1441/1445K
[INFO] 1442/1445K
[INFO] 1443/1445K
[INFO] 1444/1445K
[INFO] 1445/1445K
[INFO] 1445/1445K
[INFO] downloaded 1445K
[INFO] Expanding: /var/tmp/Roost/RoostGPT/adp_api_test_karate_sonnet4/7c6fee3b-4e11-49c8-9c36-2abf7aeb8ed7/source/petstore/target/master.tar.gz into /var/tmp/Roost/RoostGPT/adp_api_test_karate_sonnet4/7c6fee3b-4e11-49c8-9c36-2abf7aeb8ed7/source/petstore/target
[INFO] 
[INFO] --- build-helper-maven-plugin:1.12:add-source (add-source) @ swagger-petstore ---
[INFO] Source directory: /var/tmp/Roost/RoostGPT/adp_api_test_karate_sonnet4/7c6fee3b-4e11-49c8-9c36-2abf7aeb8ed7/source/petstore/src/gen/java added.
[INFO] 
[INFO] --- maven-resources-plugin:2.4.3:resources (default-resources) @ swagger-petstore ---
[INFO] Using 'UTF-8' encoding to copy filtered resources.
[INFO] Copying 1 resource
[INFO] 
[INFO] --- maven-compiler-plugin:3.11.0:compile (default-compile) @ swagger-petstore ---
[INFO] Changes detected - recompiling the module! :source
[INFO] Compiling 21 source files with javac [debug target 1.8] to target/classes
[WARNING] bootstrap class path not set in conjunction with -source 8
[WARNING] source value 8 is obsolete and will be removed in a future release
[WARNING] target value 8 is obsolete and will be removed in a future release
[WARNING] To suppress warnings about obsolete options, use -Xlint:-options.
[INFO] /var/tmp/Roost/RoostGPT/adp_api_test_karate_sonnet4/7c6fee3b-4e11-49c8-9c36-2abf7aeb8ed7/source/petstore/src/main/java/io/swagger/petstore/controller/UserController.java: Some input files use or override a deprecated API.
[INFO] /var/tmp/Roost/RoostGPT/adp_api_test_karate_sonnet4/7c6fee3b-4e11-49c8-9c36-2abf7aeb8ed7/source/petstore/src/main/java/io/swagger/petstore/controller/UserController.java: Recompile with -Xlint:deprecation for details.
[INFO] 
[INFO] --- maven-resources-plugin:2.4.3:testResources (default-testResources) @ swagger-petstore ---
[INFO] Using 'UTF-8' encoding to copy filtered resources.
[INFO] skip non existing resourceDirectory /var/tmp/Roost/RoostGPT/adp_api_test_karate_sonnet4/7c6fee3b-4e11-49c8-9c36-2abf7aeb8ed7/source/petstore/src/test/resources
[INFO] 
[INFO] --- maven-compiler-plugin:3.11.0:testCompile (default-testCompile) @ swagger-petstore ---
[INFO] Changes detected - recompiling the module! :dependency
[INFO] Compiling 2 source files with javac [debug target 1.8] to target/test-classes
[WARNING] bootstrap class path not set in conjunction with -source 8
[WARNING] source value 8 is obsolete and will be removed in a future release
[WARNING] target value 8 is obsolete and will be removed in a future release
[WARNING] To suppress warnings about obsolete options, use -Xlint:-options.
[INFO] 
[INFO] --- maven-surefire-plugin:3.2.5:test (default-test) @ swagger-petstore ---
[INFO] Using auto detected provider org.apache.maven.surefire.junitplatform.JUnitPlatformProvider
[INFO] 
[INFO] -------------------------------------------------------
[INFO]  T E S T S
[INFO] -------------------------------------------------------
[INFO] Running io.swagger.api_tests.Adp.AdpTest
[ERROR] Tests run: 1, Failures: 0, Errors: 1, Skipped: 0, Time elapsed: 0.059 s <<< FAILURE! -- in io.swagger.api_tests.Adp.AdpTest
[ERROR] io.swagger.api_tests.Adp.AdpTest.testAll -- Time elapsed: 0.037 s <<< ERROR!
java.lang.NoSuchMethodError: 'java.lang.ClassLoader ch.qos.logback.core.util.Loader.systemClassloaderIfNull(java.lang.ClassLoader)'
	at ch.qos.logback.classic.util.ContextInitializer.autoConfig(ContextInitializer.java:73)
	at ch.qos.logback.classic.util.ContextInitializer.autoConfig(ContextInitializer.java:66)
	at ch.qos.logback.classic.spi.LogbackServiceProvider.initializeLoggerContext(LogbackServiceProvider.java:52)
	at ch.qos.logback.classic.spi.LogbackServiceProvider.initialize(LogbackServiceProvider.java:41)
	at org.slf4j.LoggerFactory.bind(LoggerFactory.java:196)
	at org.slf4j.LoggerFactory.performInitialization(LoggerFactory.java:183)
	at org.slf4j.LoggerFactory.getProvider(LoggerFactory.java:486)
	at org.slf4j.LoggerFactory.getILoggerFactory(LoggerFactory.java:472)
	at org.slf4j.LoggerFactory.getLogger(LoggerFactory.java:421)
	at org.slf4j.LoggerFactory.getLogger(LoggerFactory.java:447)
	at com.intuit.karate.Runner.<clinit>(Runner.java:49)
	at io.swagger.api_tests.Adp.AdpTest.testAll(AdpTest.java:17)
	at java.base/java.lang.reflect.Method.invoke(Method.java:580)
	at java.base/java.util.ArrayList.forEach(ArrayList.java:1596)
	at java.base/java.util.ArrayList.forEach(ArrayList.java:1596)

[INFO] 
[INFO] Results:
[INFO] 
[ERROR] Errors: 
[ERROR]   AdpTest.testAll:17 » NoSuchMethod 'java.lang.ClassLoader ch.qos.logback.core.util.Loader.systemClassloaderIfNull(java.lang.ClassLoader)'
[INFO] 
[ERROR] Tests run: 1, Failures: 0, Errors: 1, Skipped: 0
[INFO] 
[ERROR] 

Please refer to /var/tmp/Roost/RoostGPT/adp_api_test_karate_sonnet4/7c6fee3b-4e11-49c8-9c36-2abf7aeb8ed7/source/petstore/target/surefire-reports for the individual test results.
Please refer to dump files (if any exist) [date].dump, [date]-jvmRun[N].dump and [date].dumpstream.
[INFO] ------------------------------------------------------------------------
[INFO] BUILD SUCCESS
[INFO] ------------------------------------------------------------------------
[INFO] Total time:  8.626 s
[INFO] Finished at: 2025-07-11T05:01:10Z
[INFO] ------------------------------------------------------------------------
stderr: 





[11/07/2025, 5:01:18 AM] - [INFO] - Command: mvn --no-transfer-progress clean test -Dmaven.test.failure.ignore=true -DfailIfNoTests=false -Dtest = AdpTest with option {"cwd":"/var/tmp/Roost/RoostGPT/adp_api_test_karate_sonnet4/7c6fee3b-4e11-49c8-9c36-2abf7aeb8ed7/source/petstore"}
Exited with exitCode: 0
stdout: [INFO] Scanning for projects...
[WARNING] The project io.swagger:swagger-petstore:war:1.0.27-SNAPSHOT uses prerequisites which is only intended for maven-plugin projects but not for non maven-plugin projects. For such purposes you should use the maven-enforcer-plugin. See https://maven.apache.org/enforcer/enforcer-rules/requireMavenVersion.html
[INFO] 
[INFO] --------------------< io.swagger:swagger-petstore >---------------------
[INFO] Building swagger-petstore 1.0.27-SNAPSHOT
[INFO] --------------------------------[ war ]---------------------------------
[INFO] 
[INFO] --- maven-clean-plugin:2.5:clean (default-clean) @ swagger-petstore ---
[INFO] Deleting /var/tmp/Roost/RoostGPT/adp_api_test_karate_sonnet4/7c6fee3b-4e11-49c8-9c36-2abf7aeb8ed7/source/petstore/target
[INFO] 
[INFO] --- download-maven-plugin:1.6.8:wget (swagger-ui) @ swagger-petstore ---
[INFO] Downloading: https://github.com/swagger-api/swagger-ui/archive/master.tar.gz
[INFO] 633/?
[INFO] 2003/?
[INFO] 3373/?
[INFO] 4743/?
[INFO] 6113/?
[INFO] 7483/?
[INFO] 8853/?
[INFO] 9668/?
[INFO] 11038/?
[INFO] 12408/?
[INFO] 13778/?
[INFO] 15148/?
[INFO] 16384/?
[INFO] 17745/?
[INFO] 19115/?
[INFO] 20485/?
[INFO] 21855/?
[INFO] 23225/?
[INFO] 24595/?
[INFO] 25965/?
[INFO] 27335/?
[INFO] 28705/?
[INFO] 30075/?
[INFO] 31445/?
[INFO] 32815/?
[INFO] 34185/?
[INFO] 35555/?
[INFO] 36925/?
[INFO] 38295/?
[INFO] 39665/?
[INFO] 41035/?
[INFO] 42405/?
[INFO] 43775/?
[INFO] 45145/?
[INFO] 46515/?
[INFO] 47885/?
[INFO] 49255/?
[INFO] 50625/?
[INFO] 51995/?
[INFO] 53365/?
[INFO] 54735/?
[INFO] 56105/?
[INFO] 57475/?
[INFO] 58845/?
[INFO] 60215/?
[INFO] 61585/?
[INFO] 62955/?
[INFO] 64325/?
[INFO] 65695/?
[INFO] 67065/?
[INFO] 68435/?
[INFO] 69805/?
[INFO] 71175/?
[INFO] 72545/?
[INFO] 73915/?
[INFO] 75285/?
[INFO] 76655/?
[INFO] 78025/?
[INFO] 79395/?
[INFO] 80765/?
[INFO] 82135/?
[INFO] 83505/?
[INFO] 84875/?
[INFO] 84911/?
[INFO] 86281/?
[INFO] 87651/?
[INFO] 89021/?
[INFO] 90391/?
[INFO] 91761/?
[INFO] 93131/?
[INFO] 94501/?
[INFO] 95871/?
[INFO] 97241/?
[INFO] 98611/?
[INFO] 99981/?
[INFO] 101351/?
[INFO] 102721/?
[INFO] 104091/?
[INFO] 105461/?
[INFO] 106831/?
[INFO] 108201/?
[INFO] 109571/?
[INFO] 110941/?
[INFO] 112311/?
[INFO] 113681/?
[INFO] 115051/?
[INFO] 116421/?
[INFO] 117791/?
[INFO] 119161/?
[INFO] 120531/?
[INFO] 121901/?
[INFO] 123271/?
[INFO] 124641/?
[INFO] 126011/?
[INFO] 127381/?
[INFO] 128751/?
[INFO] 130121/?
[INFO] 131072/?
[INFO] 132433/?
[INFO] 133803/?
[INFO] 135173/?
[INFO] 136543/?
[INFO] 137913/?
[INFO] 139283/?
[INFO] 140653/?
[INFO] 142023/?
[INFO] 143393/?
[INFO] 144763/?
[INFO] 146133/?
[INFO] 147503/?
[INFO] 148873/?
[INFO] 150243/?
[INFO] 151613/?
[INFO] 152983/?
[INFO] 154353/?
[INFO] 155723/?
[INFO] 157093/?
[INFO] 158463/?
[INFO] 159833/?
[INFO] 161203/?
[INFO] 162573/?
[INFO] 163943/?
[INFO] 165313/?
[INFO] 166683/?
[INFO] 168053/?
[INFO] 169423/?
[INFO] 170793/?
[INFO] 172163/?
[INFO] 173533/?
[INFO] 174903/?
[INFO] 176273/?
[INFO] 177643/?
[INFO] 179013/?
[INFO] 180383/?
[INFO] 181753/?
[INFO] 183123/?
[INFO] 184493/?
[INFO] 185863/?
[INFO] 187233/?
[INFO] 188603/?
[INFO] 189973/?
[INFO] 191343/?
[INFO] 192713/?
[INFO] 194083/?
[INFO] 195453/?
[INFO] 196823/?
[INFO] 198193/?
[INFO] 199563/?
[INFO] 199607/?
[INFO] 200977/?
[INFO] 202347/?
[INFO] 203717/?
[INFO] 205087/?
[INFO] 206457/?
[INFO] 207827/?
[INFO] 209197/?
[INFO] 210567/?
[INFO] 211937/?
[INFO] 212992/?
[INFO] 214354/?
[INFO] 215724/?
[INFO] 217094/?
[INFO] 218464/?
[INFO] 219834/?
[INFO] 221204/?
[INFO] 222574/?
[INFO] 223944/?
[INFO] 225314/?
[INFO] 226684/?
[INFO] 228054/?
[INFO] 229424/?
[INFO] 230794/?
[INFO] 232164/?
[INFO] 233534/?
[INFO] 234904/?
[INFO] 236274/?
[INFO] 237644/?
[INFO] 239014/?
[INFO] 240384/?
[INFO] 241754/?
[INFO] 243124/?
[INFO] 244494/?
[INFO] 245864/?
[INFO] 247234/?
[INFO] 248604/?
[INFO] 249974/?
[INFO] 251344/?
[INFO] 252714/?
[INFO] 254084/?
[INFO] 255454/?
[INFO] 256824/?
[INFO] 258194/?
[INFO] 259564/?
[INFO] 260934/?
[INFO] 262144/?
[INFO] 263508/?
[INFO] 264878/?
[INFO] 266248/?
[INFO] 267618/?
[INFO] 268988/?
[INFO] 270358/?
[INFO] 271728/?
[INFO] 273098/?
[INFO] 274468/?
[INFO] 275838/?
[INFO] 277208/?
[INFO] 278578/?
[INFO] 279948/?
[INFO] 281318/?
[INFO] 282688/?
[INFO] 284058/?
[INFO] 285428/?
[INFO] 286798/?
[INFO] 288168/?
[INFO] 289538/?
[INFO] 290908/?
[INFO] 292278/?
[INFO] 292354/?
[INFO] 293724/?
[INFO] 294912/?
[INFO] 296273/?
[INFO] 297643/?
[INFO] 299013/?
[INFO] 300383/?
[INFO] 301753/?
[INFO] 303123/?
[INFO] 304493/?
[INFO] 305863/?
[INFO] 307233/?
[INFO] 308603/?
[INFO] 309973/?
[INFO] 311343/?
[INFO] 312713/?
[INFO] 314083/?
[INFO] 315453/?
[INFO] 316823/?
[INFO] 318193/?
[INFO] 319563/?
[INFO] 320933/?
[INFO] 322303/?
[INFO] 323673/?
[INFO] 325043/?
[INFO] 326413/?
[INFO] 327783/?
[INFO] 329153/?
[INFO] 330523/?
[INFO] 331893/?
[INFO] 333263/?
[INFO] 334633/?
[INFO] 336003/?
[INFO] 337373/?
[INFO] 338743/?
[INFO] 340113/?
[INFO] 341483/?
[INFO] 342853/?
[INFO] 344223/?
[INFO] 345593/?
[INFO] 346963/?
[INFO] 348333/?
[INFO] 349703/?
[INFO] 351073/?
[INFO] 352443/?
[INFO] 353813/?
[INFO] 355183/?
[INFO] 356553/?
[INFO] 357923/?
[INFO] 359293/?
[INFO] 360663/?
[INFO] 362033/?
[INFO] 363403/?
[INFO] 363447/?
[INFO] 364817/?
[INFO] 366187/?
[INFO] 367557/?
[INFO] 368927/?
[INFO] 370297/?
[INFO] 371667/?
[INFO] 373037/?
[INFO] 374407/?
[INFO] 375777/?
[INFO] 376832/?
[INFO] 378193/?
[INFO] 379563/?
[INFO] 380933/?
[INFO] 382303/?
[INFO] 383673/?
[INFO] 385043/?
[INFO] 386413/?
[INFO] 387783/?
[INFO] 389153/?
[INFO] 390523/?
[INFO] 391893/?
[INFO] 393263/?
[INFO] 394633/?
[INFO] 396003/?
[INFO] 397373/?
[INFO] 398743/?
[INFO] 400113/?
[INFO] 401483/?
[INFO] 402853/?
[INFO] 404223/?
[INFO] 405593/?
[INFO] 406963/?
[INFO] 408333/?
[INFO] 409703/?
[INFO] 411073/?
[INFO] 412443/?
[INFO] 413813/?
[INFO] 415183/?
[INFO] 416553/?
[INFO] 417923/?
[INFO] 419293/?
[INFO] 420663/?
[INFO] 422033/?
[INFO] 423403/?
[INFO] 424773/?
[INFO] 426143/?
[INFO] 427513/?
[INFO] 428883/?
[INFO] 430253/?
[INFO] 431623/?
[INFO] 432993/?
[INFO] 434363/?
[INFO] 435733/?
[INFO] 437103/?
[INFO] 438473/?
[INFO] 439843/?
[INFO] 441213/?
[INFO] 442583/?
[INFO] 443953/?
[INFO] 445323/?
[INFO] 445358/?
[INFO] 446728/?
[INFO] 448098/?
[INFO] 449468/?
[INFO] 450838/?
[INFO] 452208/?
[INFO] 453578/?
[INFO] 454948/?
[INFO] 456318/?
[INFO] 457688/?
[INFO] 459058/?
[INFO] 460428/?
[INFO] 461798/?
[INFO] 463168/?
[INFO] 464538/?
[INFO] 465908/?
[INFO] 467278/?
[INFO] 468648/?
[INFO] 470018/?
[INFO] 471388/?
[INFO] 472758/?
[INFO] 474128/?
[INFO] 475498/?
[INFO] 476868/?
[INFO] 478238/?
[INFO] 479608/?
[INFO] 480978/?
[INFO] 482348/?
[INFO] 483718/?
[INFO] 485088/?
[INFO] 486458/?
[INFO] 487828/?
[INFO] 489198/?
[INFO] 490568/?
[INFO] 491938/?
[INFO] 493308/?
[INFO] 494678/?
[INFO] 496048/?
[INFO] 497418/?
[INFO] 498788/?
[INFO] 500158/?
[INFO] 501528/?
[INFO] 502898/?
[INFO] 504268/?
[INFO] 505638/?
[INFO] 507008/?
[INFO] 507904/?
[INFO] 509266/?
[INFO] 510636/?
[INFO] 512006/?
[INFO] 513376/?
[INFO] 514746/?
[INFO] 515326/?
[INFO] 516696/?
[INFO] 518066/?
[INFO] 519436/?
[INFO] 520806/?
[INFO] 522176/?
[INFO] 523546/?
[INFO] 524288/?
[INFO] 525651/?
[INFO] 527021/?
[INFO] 528391/?
[INFO] 529761/?
[INFO] 531131/?
[INFO] 532501/?
[INFO] 533871/?
[INFO] 535241/?
[INFO] 536611/?
[INFO] 537981/?
[INFO] 539351/?
[INFO] 540721/?
[INFO] 542091/?
[INFO] 543461/?
[INFO] 544831/?
[INFO] 546201/?
[INFO] 547571/?
[INFO] 548941/?
[INFO] 550311/?
[INFO] 551681/?
[INFO] 553051/?
[INFO] 554421/?
[INFO] 555791/?
[INFO] 557161/?
[INFO] 558531/?
[INFO] 559901/?
[INFO] 561271/?
[INFO] 562641/?
[INFO] 564011/?
[INFO] 565381/?
[INFO] 566751/?
[INFO] 568121/?
[INFO] 569491/?
[INFO] 570861/?
[INFO] 572231/?
[INFO] 573601/?
[INFO] 574858/?
[INFO] 576228/?
[INFO] 577598/?
[INFO] 578968/?
[INFO] 580338/?
[INFO] 581708/?
[INFO] 583078/?
[INFO] 584448/?
[INFO] 585818/?
[INFO] 587188/?
[INFO] 588558/?
[INFO] 589928/?
[INFO] 591298/?
[INFO] 592668/?
[INFO] 594038/?
[INFO] 595408/?
[INFO] 596778/?
[INFO] 598148/?
[INFO] 599518/?
[INFO] 600888/?
[INFO] 602258/?
[INFO] 603628/?
[INFO] 604998/?
[INFO] 606208/?
[INFO] 607569/?
[INFO] 608939/?
[INFO] 610309/?
[INFO] 611679/?
[INFO] 613049/?
[INFO] 614419/?
[INFO] 615789/?
[INFO] 617159/?
[INFO] 618529/?
[INFO] 619899/?
[INFO] 621269/?
[INFO] 622639/?
[INFO] 624009/?
[INFO] 625379/?
[INFO] 626749/?
[INFO] 628119/?
[INFO] 629489/?
[INFO] 630859/?
[INFO] 632229/?
[INFO] 633599/?
[INFO] 634969/?
[INFO] 636339/?
[INFO] 637709/?
[INFO] 639079/?
[INFO] 640449/?
[INFO] 641819/?
[INFO] 643189/?
[INFO] 644559/?
[INFO] 645929/?
[INFO] 647299/?
[INFO] 648669/?
[INFO] 650039/?
[INFO] 651409/?
[INFO] 652779/?
[INFO] 654149/?
[INFO] 655519/?
[INFO] 656889/?
[INFO] 658259/?
[INFO] 659629/?
[INFO] 660999/?
[INFO] 662369/?
[INFO] 663739/?
[INFO] 665109/?
[INFO] 666479/?
[INFO] 667849/?
[INFO] 669219/?
[INFO] 670589/?
[INFO] 671959/?
[INFO] 673329/?
[INFO] 674699/?
[INFO] 674743/?
[INFO] 676113/?
[INFO] 677483/?
[INFO] 678853/?
[INFO] 680223/?
[INFO] 681593/?
[INFO] 682963/?
[INFO] 684333/?
[INFO] 685703/?
[INFO] 687073/?
[INFO] 688128/?
[INFO] 689489/?
[INFO] 690859/?
[INFO] 692229/?
[INFO] 693599/?
[INFO] 694969/?
[INFO] 696339/?
[INFO] 697709/?
[INFO] 699079/?
[INFO] 700449/?
[INFO] 701819/?
[INFO] 703189/?
[INFO] 704559/?
[INFO] 705929/?
[INFO] 707299/?
[INFO] 708669/?
[INFO] 710039/?
[INFO] 711409/?
[INFO] 712779/?
[INFO] 714149/?
[INFO] 715519/?
[INFO] 716889/?
[INFO] 718259/?
[INFO] 719629/?
[INFO] 720999/?
[INFO] 722369/?
[INFO] 723739/?
[INFO] 725109/?
[INFO] 726479/?
[INFO] 727849/?
[INFO] 729219/?
[INFO] 730589/?
[INFO] 731959/?
[INFO] 733329/?
[INFO] 734699/?
[INFO] 736069/?
[INFO] 737439/?
[INFO] 738809/?
[INFO] 740179/?
[INFO] 741549/?
[INFO] 742919/?
[INFO] 744289/?
[INFO] 745659/?
[INFO] 747029/?
[INFO] 748399/?
[INFO] 749769/?
[INFO] 751139/?
[INFO] 752509/?
[INFO] 753879/?
[INFO] 755249/?
[INFO] 756619/?
[INFO] 756655/?
[INFO] 758025/?
[INFO] 759395/?
[INFO] 760765/?
[INFO] 762135/?
[INFO] 763505/?
[INFO] 764875/?
[INFO] 766245/?
[INFO] 767615/?
[INFO] 768985/?
[INFO] 770355/?
[INFO] 771725/?
[INFO] 773095/?
[INFO] 774465/?
[INFO] 775835/?
[INFO] 777205/?
[INFO] 778575/?
[INFO] 779945/?
[INFO] 781315/?
[INFO] 782685/?
[INFO] 784055/?
[INFO] 785425/?
[INFO] 786432/?
[INFO] 787793/?
[INFO] 789163/?
[INFO] 789165/?
[INFO] 790535/?
[INFO] 791905/?
[INFO] 793275/?
[INFO] 794645/?
[INFO] 796015/?
[INFO] 797385/?
[INFO] 798755/?
[INFO] 800125/?
[INFO] 801495/?
[INFO] 802865/?
[INFO] 804235/?
[INFO] 805605/?
[INFO] 806975/?
[INFO] 808345/?
[INFO] 809715/?
[INFO] 811085/?
[INFO] 812455/?
[INFO] 813825/?
[INFO] 815195/?
[INFO] 816565/?
[INFO] 817935/?
[INFO] 819305/?
[INFO] 820675/?
[INFO] 822045/?
[INFO] 823415/?
[INFO] 824785/?
[INFO] 826155/?
[INFO] 827525/?
[INFO] 828895/?
[INFO] 830265/?
[INFO] 831635/?
[INFO] 833005/?
[INFO] 834375/?
[INFO] 835745/?
[INFO] 837115/?
[INFO] 838485/?
[INFO] 839855/?
[INFO] 841225/?
[INFO] 842595/?
[INFO] 843965/?
[INFO] 845335/?
[INFO] 846705/?
[INFO] 848075/?
[INFO] 849445/?
[INFO] 850815/?
[INFO] 852185/?
[INFO] 853555/?
[INFO] 854925/?
[INFO] 856295/?
[INFO] 857665/?
[INFO] 857773/?
[INFO] 859143/?
[INFO] 860513/?
[INFO] 861883/?
[INFO] 863253/?
[INFO] 864623/?
[INFO] 865993/?
[INFO] 867363/?
[INFO] 868352/?
[INFO] 869713/?
[INFO] 871083/?
[INFO] 872453/?
[INFO] 873823/?
[INFO] 875193/?
[INFO] 876563/?
[INFO] 877933/?
[INFO] 879303/?
[INFO] 880673/?
[INFO] 882043/?
[INFO] 883413/?
[INFO] 884783/?
[INFO] 886153/?
[INFO] 887523/?
[INFO] 888893/?
[INFO] 890263/?
[INFO] 891633/?
[INFO] 893003/?
[INFO] 894373/?
[INFO] 895743/?
[INFO] 897113/?
[INFO] 898483/?
[INFO] 899853/?
[INFO] 901223/?
[INFO] 902593/?
[INFO] 903963/?
[INFO] 905333/?
[INFO] 906703/?
[INFO] 908073/?
[INFO] 909443/?
[INFO] 910813/?
[INFO] 912183/?
[INFO] 913553/?
[INFO] 914923/?
[INFO] 916293/?
[INFO] 917663/?
[INFO] 919033/?
[INFO] 920403/?
[INFO] 921773/?
[INFO] 923143/?
[INFO] 924513/?
[INFO] 925883/?
[INFO] 927253/?
[INFO] 928623/?
[INFO] 929993/?
[INFO] 931363/?
[INFO] 932733/?
[INFO] 934103/?
[INFO] 935473/?
[INFO] 936843/?
[INFO] 936878/?
[INFO] 938248/?
[INFO] 939618/?
[INFO] 940988/?
[INFO] 942358/?
[INFO] 943728/?
[INFO] 945098/?
[INFO] 946468/?
[INFO] 947838/?
[INFO] 949208/?
[INFO] 950578/?
[INFO] 951948/?
[INFO] 953318/?
[INFO] 954688/?
[INFO] 956058/?
[INFO] 957428/?
[INFO] 958798/?
[INFO] 960168/?
[INFO] 961538/?
[INFO] 962908/?
[INFO] 964278/?
[INFO] 965648/?
[INFO] 967018/?
[INFO] 968388/?
[INFO] 969758/?
[INFO] 971128/?
[INFO] 972498/?
[INFO] 973868/?
[INFO] 975238/?
[INFO] 976608/?
[INFO] 977978/?
[INFO] 979348/?
[INFO] 980718/?
[INFO] 982088/?
[INFO] 983458/?
[INFO] 984828/?
[INFO] 986198/?
[INFO] 987568/?
[INFO] 988938/?
[INFO] 990308/?
[INFO] 991678/?
[INFO] 993048/?
[INFO] 994418/?
[INFO] 995788/?
[INFO] 997158/?
[INFO] 998528/?
[INFO] 999424/?
[INFO] 1000786/?
[INFO] 1002156/?
[INFO] 1003526/?
[INFO] 1004896/?
[INFO] 1006266/?
[INFO] 1007636/?
[INFO] 1009006/?
[INFO] 1010376/?
[INFO] 1011746/?
[INFO] 1013116/?
[INFO] 1014486/?
[INFO] 1015856/?
[INFO] 1017226/?
[INFO] 1018596/?
[INFO] 1019966/?
[INFO] 1021336/?
[INFO] 1022706/?
[INFO] 1024076/?
[INFO] 1025446/?
[INFO] 1026816/?
[INFO] 1028186/?
[INFO] 1029556/?
[INFO] 1030926/?
[INFO] 1032296/?
[INFO] 1033666/?
[INFO] 1035036/?
[INFO] 1036406/?
[INFO] 1037776/?
[INFO] 1039146/?
[INFO] 1040516/?
[INFO] 1041886/?
[INFO] 1043256/?
[INFO] 1044626/?
[INFO] 1045996/?
[INFO] 1047366/?
[INFO] 1048576/?
[INFO] 1049939/?
[INFO] 1051309/?
[INFO] 1052679/?
[INFO] 1054049/?
[INFO] 1055419/?
[INFO] 1056789/?
[INFO] 1058159/?
[INFO] 1059529/?
[INFO] 1060899/?
[INFO] 1062269/?
[INFO] 1063639/?
[INFO] 1065009/?
[INFO] 1066379/?
[INFO] 1067749/?
[INFO] 1069119/?
[INFO] 1070489/?
[INFO] 1071859/?
[INFO] 1073229/?
[INFO] 1074599/?
[INFO] 1075969/?
[INFO] 1077339/?
[INFO] 1078709/?
[INFO] 1080079/?
[INFO] 1081449/?
[INFO] 1082819/?
[INFO] 1084189/?
[INFO] 1085559/?
[INFO] 1086929/?
[INFO] 1088299/?
[INFO] 1089669/?
[INFO] 1091039/?
[INFO] 1092409/?
[INFO] 1093779/?
[INFO] 1095149/?
[INFO] 1096519/?
[INFO] 1097889/?
[INFO] 1099259/?
[INFO] 1100629/?
[INFO] 1101999/?
[INFO] 1103369/?
[INFO] 1104739/?
[INFO] 1106109/?
[INFO] 1107479/?
[INFO] 1108849/?
[INFO] 1110219/?
[INFO] 1111589/?
[INFO] 1112959/?
[INFO] 1114329/?
[INFO] 1115699/?
[INFO] 1117069/?
[INFO] 1117105/?
[INFO] 1118475/?
[INFO] 1119845/?
[INFO] 1121215/?
[INFO] 1122585/?
[INFO] 1123955/?
[INFO] 1125325/?
[INFO] 1126695/?
[INFO] 1128065/?
[INFO] 1129435/?
[INFO] 1130805/?
[INFO] 1132175/?
[INFO] 1133545/?
[INFO] 1134915/?
[INFO] 1136285/?
[INFO] 1137655/?
[INFO] 1139025/?
[INFO] 1140395/?
[INFO] 1141765/?
[INFO] 1143135/?
[INFO] 1144505/?
[INFO] 1145875/?
[INFO] 1147245/?
[INFO] 1148615/?
[INFO] 1149985/?
[INFO] 1151355/?
[INFO] 1152725/?
[INFO] 1154095/?
[INFO] 1155465/?
[INFO] 1156835/?
[INFO] 1158205/?
[INFO] 1159575/?
[INFO] 1160945/?
[INFO] 1162315/?
[INFO] 1163264/?
[INFO] 1164625/?
[INFO] 1165995/?
[INFO] 1167365/?
[INFO] 1168735/?
[INFO] 1170105/?
[INFO] 1171475/?
[INFO] 1172845/?
[INFO] 1174215/?
[INFO] 1175585/?
[INFO] 1176955/?
[INFO] 1178325/?
[INFO] 1179695/?
[INFO] 1181065/?
[INFO] 1182435/?
[INFO] 1183805/?
[INFO] 1185175/?
[INFO] 1186545/?
[INFO] 1187915/?
[INFO] 1189285/?
[INFO] 1190655/?
[INFO] 1192025/?
[INFO] 1193395/?
[INFO] 1194765/?
[INFO] 1196135/?
[INFO] 1197505/?
[INFO] 1198875/?
[INFO] 1200245/?
[INFO] 1201615/?
[INFO] 1202985/?
[INFO] 1204355/?
[INFO] 1205725/?
[INFO] 1207095/?
[INFO] 1208465/?
[INFO] 1209835/?
[INFO] 1211205/?
[INFO] 1212575/?
[INFO] 1213945/?
[INFO] 1215315/?
[INFO] 1216685/?
[INFO] 1218055/?
[INFO] 1219425/?
[INFO] 1220795/?
[INFO] 1222165/?
[INFO] 1223535/?
[INFO] 1224905/?
[INFO] 1226275/?
[INFO] 1227645/?
[INFO] 1229015/?
[INFO] 1230385/?
[INFO] 1231755/?
[INFO] 1231791/?
[INFO] 1233161/?
[INFO] 1234531/?
[INFO] 1235901/?
[INFO] 1237271/?
[INFO] 1238641/?
[INFO] 1240011/?
[INFO] 1241381/?
[INFO] 1242751/?
[INFO] 1244121/?
[INFO] 1245491/?
[INFO] 1246861/?
[INFO] 1248231/?
[INFO] 1249601/?
[INFO] 1250971/?
[INFO] 1252341/?
[INFO] 1253711/?
[INFO] 1255081/?
[INFO] 1256451/?
[INFO] 1257821/?
[INFO] 1259191/?
[INFO] 1260561/?
[INFO] 1261931/?
[INFO] 1263301/?
[INFO] 1264671/?
[INFO] 1266041/?
[INFO] 1267411/?
[INFO] 1268781/?
[INFO] 1270151/?
[INFO] 1271521/?
[INFO] 1272891/?
[INFO] 1274261/?
[INFO] 1275631/?
[INFO] 1277001/?
[INFO] 1277952/?
[INFO] 1279314/?
[INFO] 1280684/?
[INFO] 1282054/?
[INFO] 1283424/?
[INFO] 1284794/?
[INFO] 1286164/?
[INFO] 1287534/?
[INFO] 1288904/?
[INFO] 1290274/?
[INFO] 1291644/?
[INFO] 1293014/?
[INFO] 1294384/?
[INFO] 1295754/?
[INFO] 1297124/?
[INFO] 1298494/?
[INFO] 1299864/?
[INFO] 1301234/?
[INFO] 1302604/?
[INFO] 1303974/?
[INFO] 1305344/?
[INFO] 1306714/?
[INFO] 1308084/?
[INFO] 1309454/?
[INFO] 1310720/?
[INFO] 1312084/?
[INFO] 1313454/?
[INFO] 1314824/?
[INFO] 1316194/?
[INFO] 1317564/?
[INFO] 1318934/?
[INFO] 1320304/?
[INFO] 1321674/?
[INFO] 1323044/?
[INFO] 1324414/?
[INFO] 1325784/?
[INFO] 1327104/?
[INFO] 1328465/?
[INFO] 1329835/?
[INFO] 1331205/?
[INFO] 1332575/?
[INFO] 1333945/?
[INFO] 1335315/?
[INFO] 1336685/?
[INFO] 1338055/?
[INFO] 1339425/?
[INFO] 1340795/?
[INFO] 1342165/?
[INFO] 1343535/?
[INFO] 1344905/?
[INFO] 1346275/?
[INFO] 1347645/?
[INFO] 1349015/?
[INFO] 1350385/?
[INFO] 1351755/?
[INFO] 1353125/?
[INFO] 1354495/?
[INFO] 1355865/?
[INFO] 1357235/?
[INFO] 1358605/?
[INFO] 1359975/?
[INFO] 1361345/?
[INFO] 1362715/?
[INFO] 1364085/?
[INFO] 1365455/?
[INFO] 1366825/?
[INFO] 1368195/?
[INFO] 1369565/?
[INFO] 1370935/?
[INFO] 1372305/?
[INFO] 1373675/?
[INFO] 1375045/?
[INFO] 1376415/?
[INFO] 1377785/?
[INFO] 1379155/?
[INFO] 1380525/?
[INFO] 1381895/?
[INFO] 1383265/?
[INFO] 1384635/?
[INFO] 1386005/?
[INFO] 1387375/?
[INFO] 1388745/?
[INFO] 1390115/?
[INFO] 1391485/?
[INFO] 1392855/?
[INFO] 1394225/?
[INFO] 1395595/?
[INFO] 1395631/?
[INFO] 1397001/?
[INFO] 1398371/?
[INFO] 1399741/?
[INFO] 1401111/?
[INFO] 1402481/?
[INFO] 1403851/?
[INFO] 1405221/?
[INFO] 1406591/?
[INFO] 1407961/?
[INFO] 1409331/?
[INFO] 1410701/?
[INFO] 1412071/?
[INFO] 1413441/?
[INFO] 1414811/?
[INFO] 1416181/?
[INFO] 1417551/?
[INFO] 1418921/?
[INFO] 1420291/?
[INFO] 1421661/?
[INFO] 1423031/?
[INFO] 1424401/?
[INFO] 1425771/?
[INFO] 1427141/?
[INFO] 1428511/?
[INFO] 1429881/?
[INFO] 1431251/?
[INFO] 1432621/?
[INFO] 1433991/?
[INFO] 1435361/?
[INFO] 1436731/?
[INFO] 1438101/?
[INFO] 1439471/?
[INFO] 1440841/?
[INFO] 1442211/?
[INFO] 1443581/?
[INFO] 1444951/?
[INFO] 1446321/?
[INFO] 1447691/?
[INFO] 1449061/?
[INFO] 1450431/?
[INFO] 1451801/?
[INFO] 1453171/?
[INFO] 1454541/?
[INFO] 1455911/?
[INFO] 1457281/?
[INFO] 1458176/?
[INFO] 1459538/?
[INFO] 1460908/?
[INFO] 1462278/?
[INFO] 1463648/?
[INFO] 1465018/?
[INFO] 1466388/?
[INFO] 1467758/?
[INFO] 1469128/?
[INFO] 1470498/?
[INFO] 1471868/?
[INFO] 1473238/?
[INFO] 1474608/?
[INFO] 1475978/?
[INFO] 1477348/?
[INFO] 1478648/?
[INFO] 1480018/?
[INFO] 1480589/?
[INFO] downloaded 1480589
[INFO] Expanding: /var/tmp/Roost/RoostGPT/adp_api_test_karate_sonnet4/7c6fee3b-4e11-49c8-9c36-2abf7aeb8ed7/source/petstore/target/master.tar.gz into /var/tmp/Roost/RoostGPT/adp_api_test_karate_sonnet4/7c6fee3b-4e11-49c8-9c36-2abf7aeb8ed7/source/petstore/target
[INFO] 
[INFO] --- build-helper-maven-plugin:1.12:add-source (add-source) @ swagger-petstore ---
[INFO] Source directory: /var/tmp/Roost/RoostGPT/adp_api_test_karate_sonnet4/7c6fee3b-4e11-49c8-9c36-2abf7aeb8ed7/source/petstore/src/gen/java added.
[INFO] 
[INFO] --- maven-resources-plugin:2.4.3:resources (default-resources) @ swagger-petstore ---
[INFO] Using 'UTF-8' encoding to copy filtered resources.
[INFO] Copying 1 resource
[INFO] 
[INFO] --- maven-compiler-plugin:3.11.0:compile (default-compile) @ swagger-petstore ---
[INFO] Changes detected - recompiling the module! :source
[INFO] Compiling 21 source files with javac [debug target 1.8] to target/classes
[WARNING] bootstrap class path not set in conjunction with -source 8
[WARNING] source value 8 is obsolete and will be removed in a future release
[WARNING] target value 8 is obsolete and will be removed in a future release
[WARNING] To suppress warnings about obsolete options, use -Xlint:-options.
[INFO] /var/tmp/Roost/RoostGPT/adp_api_test_karate_sonnet4/7c6fee3b-4e11-49c8-9c36-2abf7aeb8ed7/source/petstore/src/main/java/io/swagger/petstore/controller/UserController.java: Some input files use or override a deprecated API.
[INFO] /var/tmp/Roost/RoostGPT/adp_api_test_karate_sonnet4/7c6fee3b-4e11-49c8-9c36-2abf7aeb8ed7/source/petstore/src/main/java/io/swagger/petstore/controller/UserController.java: Recompile with -Xlint:deprecation for details.
[INFO] 
[INFO] --- maven-resources-plugin:2.4.3:testResources (default-testResources) @ swagger-petstore ---
[INFO] Using 'UTF-8' encoding to copy filtered resources.
[INFO] skip non existing resourceDirectory /var/tmp/Roost/RoostGPT/adp_api_test_karate_sonnet4/7c6fee3b-4e11-49c8-9c36-2abf7aeb8ed7/source/petstore/src/test/resources
[INFO] 
[INFO] --- maven-compiler-plugin:3.11.0:testCompile (default-testCompile) @ swagger-petstore ---
[INFO] Changes detected - recompiling the module! :dependency
[INFO] Compiling 2 source files with javac [debug target 1.8] to target/test-classes
[WARNING] bootstrap class path not set in conjunction with -source 8
[WARNING] source value 8 is obsolete and will be removed in a future release
[WARNING] target value 8 is obsolete and will be removed in a future release
[WARNING] To suppress warnings about obsolete options, use -Xlint:-options.
[INFO] 
[INFO] --- maven-surefire-plugin:3.2.5:test (default-test) @ swagger-petstore ---
[INFO] Using auto detected provider org.apache.maven.surefire.junitplatform.JUnitPlatformProvider
[INFO] 
[INFO] -------------------------------------------------------
[INFO]  T E S T S
[INFO] -------------------------------------------------------
[INFO] Running io.swagger.api_tests.Adp.AdpTest
[ERROR] Tests run: 1, Failures: 0, Errors: 1, Skipped: 0, Time elapsed: 0.058 s <<< FAILURE! -- in io.swagger.api_tests.Adp.AdpTest
[ERROR] io.swagger.api_tests.Adp.AdpTest.testAll -- Time elapsed: 0.037 s <<< ERROR!
java.lang.NoSuchMethodError: 'java.lang.ClassLoader ch.qos.logback.core.util.Loader.systemClassloaderIfNull(java.lang.ClassLoader)'
	at ch.qos.logback.classic.util.ContextInitializer.autoConfig(ContextInitializer.java:73)
	at ch.qos.logback.classic.util.ContextInitializer.autoConfig(ContextInitializer.java:66)
	at ch.qos.logback.classic.spi.LogbackServiceProvider.initializeLoggerContext(LogbackServiceProvider.java:52)
	at ch.qos.logback.classic.spi.LogbackServiceProvider.initialize(LogbackServiceProvider.java:41)
	at org.slf4j.LoggerFactory.bind(LoggerFactory.java:196)
	at org.slf4j.LoggerFactory.performInitialization(LoggerFactory.java:183)
	at org.slf4j.LoggerFactory.getProvider(LoggerFactory.java:486)
	at org.slf4j.LoggerFactory.getILoggerFactory(LoggerFactory.java:472)
	at org.slf4j.LoggerFactory.getLogger(LoggerFactory.java:421)
	at org.slf4j.LoggerFactory.getLogger(LoggerFactory.java:447)
	at com.intuit.karate.Runner.<clinit>(Runner.java:49)
	at io.swagger.api_tests.Adp.AdpTest.testAll(AdpTest.java:17)
	at java.base/java.lang.reflect.Method.invoke(Method.java:580)
	at java.base/java.util.ArrayList.forEach(ArrayList.java:1596)
	at java.base/java.util.ArrayList.forEach(ArrayList.java:1596)

[INFO] 
[INFO] Results:
[INFO] 
[ERROR] Errors: 
[ERROR]   AdpTest.testAll:17 » NoSuchMethod 'java.lang.ClassLoader ch.qos.logback.core.util.Loader.systemClassloaderIfNull(java.lang.ClassLoader)'
[INFO] 
[ERROR] Tests run: 1, Failures: 0, Errors: 1, Skipped: 0
[INFO] 
[ERROR] 

Please refer to /var/tmp/Roost/RoostGPT/adp_api_test_karate_sonnet4/7c6fee3b-4e11-49c8-9c36-2abf7aeb8ed7/source/petstore/target/surefire-reports for the individual test results.
Please refer to dump files (if any exist) [date].dump, [date]-jvmRun[N].dump and [date].dumpstream.
[INFO] ------------------------------------------------------------------------
[INFO] BUILD SUCCESS
[INFO] ------------------------------------------------------------------------
[INFO] Total time:  4.447 s
[INFO] Finished at: 2025-07-11T05:01:18Z
[INFO] ------------------------------------------------------------------------
stderr: 





[11/07/2025, 5:01:26 AM] - [INFO] - Command: mvn --no-transfer-progress clean test -Dmaven.test.failure.ignore=true -Dtest = AdpTest with option {"cwd":"/var/tmp/Roost/RoostGPT/adp_api_test_karate_sonnet4/7c6fee3b-4e11-49c8-9c36-2abf7aeb8ed7/source/petstore"}
Exited with exitCode: 0
stdout: [INFO] Scanning for projects...
[WARNING] The project io.swagger:swagger-petstore:war:1.0.27-SNAPSHOT uses prerequisites which is only intended for maven-plugin projects but not for non maven-plugin projects. For such purposes you should use the maven-enforcer-plugin. See https://maven.apache.org/enforcer/enforcer-rules/requireMavenVersion.html
[INFO] 
[INFO] --------------------< io.swagger:swagger-petstore >---------------------
[INFO] Building swagger-petstore 1.0.27-SNAPSHOT
[INFO] --------------------------------[ war ]---------------------------------
[INFO] 
[INFO] --- maven-clean-plugin:2.5:clean (default-clean) @ swagger-petstore ---
[INFO] Deleting /var/tmp/Roost/RoostGPT/adp_api_test_karate_sonnet4/7c6fee3b-4e11-49c8-9c36-2abf7aeb8ed7/source/petstore/target
[INFO] 
[INFO] --- download-maven-plugin:1.6.8:wget (swagger-ui) @ swagger-petstore ---
[INFO] Downloading: https://github.com/swagger-api/swagger-ui/archive/master.tar.gz
[INFO] 684/?
[INFO] 2054/?
[INFO] 3424/?
[INFO] 4794/?
[INFO] 6164/?
[INFO] 7483/?
[INFO] 8853/?
[INFO] 10223/?
[INFO] 11593/?
[INFO] 12963/?
[INFO] 14333/?
[INFO] 15703/?
[INFO] 17073/?
[INFO] 18443/?
[INFO] 19813/?
[INFO] 21183/?
[INFO] 22553/?
[INFO] 23923/?
[INFO] 25293/?
[INFO] 26663/?
[INFO] 28033/?
[INFO] 29403/?
[INFO] 30773/?
[INFO] 32143/?
[INFO] 33280/?
[INFO] 34641/?
[INFO] 36011/?
[INFO] 37381/?
[INFO] 38751/?
[INFO] 40121/?
[INFO] 41491/?
[INFO] 42861/?
[INFO] 44231/?
[INFO] 45601/?
[INFO] 46971/?
[INFO] 48341/?
[INFO] 49711/?
[INFO] 51081/?
[INFO] 52451/?
[INFO] 53821/?
[INFO] 55191/?
[INFO] 56561/?
[INFO] 57931/?
[INFO] 59301/?
[INFO] 60671/?
[INFO] 62041/?
[INFO] 63411/?
[INFO] 64781/?
[INFO] 66151/?
[INFO] 67521/?
[INFO] 68891/?
[INFO] 70261/?
[INFO] 71631/?
[INFO] 73001/?
[INFO] 74371/?
[INFO] 75741/?
[INFO] 77111/?
[INFO] 78481/?
[INFO] 79851/?
[INFO] 81221/?
[INFO] 82591/?
[INFO] 83961/?
[INFO] 85331/?
[INFO] 86701/?
[INFO] 88071/?
[INFO] 89441/?
[INFO] 90811/?
[INFO] 92181/?
[INFO] 93551/?
[INFO] 94921/?
[INFO] 96291/?
[INFO] 97661/?
[INFO] 99031/?
[INFO] 100401/?
[INFO] 101771/?
[INFO] 101808/?
[INFO] 103178/?
[INFO] 104548/?
[INFO] 105918/?
[INFO] 107288/?
[INFO] 108658/?
[INFO] 110028/?
[INFO] 111398/?
[INFO] 112768/?
[INFO] 114138/?
[INFO] 115508/?
[INFO] 116878/?
[INFO] 118248/?
[INFO] 119618/?
[INFO] 120988/?
[INFO] 122358/?
[INFO] 123728/?
[INFO] 125098/?
[INFO] 126468/?
[INFO] 127838/?
[INFO] 129208/?
[INFO] 130578/?
[INFO] 131948/?
[INFO] 133318/?
[INFO] 134688/?
[INFO] 136058/?
[INFO] 137428/?
[INFO] 138798/?
[INFO] 140168/?
[INFO] 141538/?
[INFO] 142908/?
[INFO] 144278/?
[INFO] 145648/?
[INFO] 147018/?
[INFO] 147456/?
[INFO] 148817/?
[INFO] 150187/?
[INFO] 151557/?
[INFO] 152927/?
[INFO] 154297/?
[INFO] 155667/?
[INFO] 157037/?
[INFO] 158407/?
[INFO] 159777/?
[INFO] 161147/?
[INFO] 162517/?
[INFO] 163887/?
[INFO] 165257/?
[INFO] 166627/?
[INFO] 167997/?
[INFO] 169367/?
[INFO] 170737/?
[INFO] 172107/?
[INFO] 173477/?
[INFO] 174847/?
[INFO] 176217/?
[INFO] 177587/?
[INFO] 178957/?
[INFO] 180327/?
[INFO] 181697/?
[INFO] 183067/?
[INFO] 184437/?
[INFO] 185807/?
[INFO] 187177/?
[INFO] 188547/?
[INFO] 189917/?
[INFO] 191287/?
[INFO] 192657/?
[INFO] 194027/?
[INFO] 195397/?
[INFO] 196767/?
[INFO] 198137/?
[INFO] 199507/?
[INFO] 200877/?
[INFO] 202247/?
[INFO] 203617/?
[INFO] 204987/?
[INFO] 206357/?
[INFO] 207727/?
[INFO] 209097/?
[INFO] 210467/?
[INFO] 211837/?
[INFO] 213207/?
[INFO] 214577/?
[INFO] 215947/?
[INFO] 215991/?
[INFO] 217361/?
[INFO] 218731/?
[INFO] 220101/?
[INFO] 221184/?
[INFO] 222546/?
[INFO] 223916/?
[INFO] 225286/?
[INFO] 226656/?
[INFO] 228026/?
[INFO] 229396/?
[INFO] 230766/?
[INFO] 232136/?
[INFO] 233506/?
[INFO] 234876/?
[INFO] 236246/?
[INFO] 237616/?
[INFO] 238986/?
[INFO] 240356/?
[INFO] 241726/?
[INFO] 243096/?
[INFO] 244466/?
[INFO] 245836/?
[INFO] 247206/?
[INFO] 248576/?
[INFO] 249946/?
[INFO] 251316/?
[INFO] 252686/?
[INFO] 253944/?
[INFO] 255314/?
[INFO] 256684/?
[INFO] 258054/?
[INFO] 259424/?
[INFO] 260794/?
[INFO] 262144/?
[INFO] 263505/?
[INFO] 264875/?
[INFO] 266245/?
[INFO] 267615/?
[INFO] 268985/?
[INFO] 270355/?
[INFO] 271725/?
[INFO] 273095/?
[INFO] 274465/?
[INFO] 275835/?
[INFO] 277205/?
[INFO] 278575/?
[INFO] 279945/?
[INFO] 281315/?
[INFO] 282685/?
[INFO] 284055/?
[INFO] 285425/?
[INFO] 286795/?
[INFO] 288165/?
[INFO] 289535/?
[INFO] 290905/?
[INFO] 292275/?
[INFO] 293645/?
[INFO] 295015/?
[INFO] 296274/?
[INFO] 297644/?
[INFO] 299014/?
[INFO] 300370/?
[INFO] 301740/?
[INFO] 303110/?
[INFO] 304480/?
[INFO] 305850/?
[INFO] 307220/?
[INFO] 308590/?
[INFO] 309960/?
[INFO] 311330/?
[INFO] 312700/?
[INFO] 314070/?
[INFO] 315440/?
[INFO] 316810/?
[INFO] 318180/?
[INFO] 319550/?
[INFO] 320920/?
[INFO] 322290/?
[INFO] 323660/?
[INFO] 325030/?
[INFO] 326400/?
[INFO] 327680/?
[INFO] 329041/?
[INFO] 330411/?
[INFO] 331781/?
[INFO] 333151/?
[INFO] 334521/?
[INFO] 335891/?
[INFO] 337261/?
[INFO] 338631/?
[INFO] 340001/?
[INFO] 341371/?
[INFO] 342741/?
[INFO] 344111/?
[INFO] 345481/?
[INFO] 346851/?
[INFO] 348221/?
[INFO] 349591/?
[INFO] 350961/?
[INFO] 352331/?
[INFO] 353701/?
[INFO] 355071/?
[INFO] 356441/?
[INFO] 357811/?
[INFO] 359181/?
[INFO] 360551/?
[INFO] 361921/?
[INFO] 363291/?
[INFO] 364661/?
[INFO] 366031/?
[INFO] 367401/?
[INFO] 368771/?
[INFO] 370141/?
[INFO] 371511/?
[INFO] 372881/?
[INFO] 374251/?
[INFO] 375621/?
[INFO] 376991/?
[INFO] 378361/?
[INFO] 379731/?
[INFO] 381101/?
[INFO] 382471/?
[INFO] 383841/?
[INFO] 385211/?
[INFO] 386581/?
[INFO] 387951/?
[INFO] 389321/?
[INFO] 390691/?
[INFO] 392061/?
[INFO] 393431/?
[INFO] 394801/?
[INFO] 396171/?
[INFO] 396215/?
[INFO] 397585/?
[INFO] 398955/?
[INFO] 400325/?
[INFO] 401695/?
[INFO] 403065/?
[INFO] 404435/?
[INFO] 405805/?
[INFO] 407175/?
[INFO] 408545/?
[INFO] 409600/?
[INFO] 410961/?
[INFO] 412331/?
[INFO] 413701/?
[INFO] 415071/?
[INFO] 416441/?
[INFO] 417811/?
[INFO] 419181/?
[INFO] 420551/?
[INFO] 421921/?
[INFO] 423291/?
[INFO] 424661/?
[INFO] 426031/?
[INFO] 427401/?
[INFO] 428771/?
[INFO] 430141/?
[INFO] 431511/?
[INFO] 432881/?
[INFO] 434251/?
[INFO] 435621/?
[INFO] 436991/?
[INFO] 438361/?
[INFO] 439731/?
[INFO] 441101/?
[INFO] 442471/?
[INFO] 443841/?
[INFO] 445211/?
[INFO] 446581/?
[INFO] 447951/?
[INFO] 449321/?
[INFO] 450691/?
[INFO] 452061/?
[INFO] 453431/?
[INFO] 454801/?
[INFO] 456171/?
[INFO] 457541/?
[INFO] 458911/?
[INFO] 460281/?
[INFO] 461651/?
[INFO] 463021/?
[INFO] 464391/?
[INFO] 465761/?
[INFO] 467131/?
[INFO] 468501/?
[INFO] 469871/?
[INFO] 470160/?
[INFO] 471530/?
[INFO] 472900/?
[INFO] 474270/?
[INFO] 475136/?
[INFO] 476498/?
[INFO] 477868/?
[INFO] 479238/?
[INFO] 480608/?
[INFO] 481978/?
[INFO] 483348/?
[INFO] 484718/?
[INFO] 486088/?
[INFO] 487458/?
[INFO] 488828/?
[INFO] 490198/?
[INFO] 491568/?
[INFO] 492938/?
[INFO] 494308/?
[INFO] 495678/?
[INFO] 497048/?
[INFO] 498418/?
[INFO] 499788/?
[INFO] 501158/?
[INFO] 502528/?
[INFO] 503898/?
[INFO] 505268/?
[INFO] 506638/?
[INFO] 508008/?
[INFO] 509378/?
[INFO] 510748/?
[INFO] 512118/?
[INFO] 513488/?
[INFO] 514858/?
[INFO] 516228/?
[INFO] 517598/?
[INFO] 518968/?
[INFO] 520338/?
[INFO] 521708/?
[INFO] 523078/?
[INFO] 524288/?
[INFO] 525652/?
[INFO] 527022/?
[INFO] 528392/?
[INFO] 529762/?
[INFO] 531132/?
[INFO] 532502/?
[INFO] 533872/?
[INFO] 535242/?
[INFO] 536612/?
[INFO] 537982/?
[INFO] 539352/?
[INFO] 540722/?
[INFO] 542092/?
[INFO] 543462/?
[INFO] 544832/?
[INFO] 546202/?
[INFO] 547528/?
[INFO] 548898/?
[INFO] 550268/?
[INFO] 551638/?
[INFO] 553008/?
[INFO] 554378/?
[INFO] 555748/?
[INFO] 557118/?
[INFO] 558488/?
[INFO] 559858/?
[INFO] 561228/?
[INFO] 562598/?
[INFO] 563968/?
[INFO] 565338/?
[INFO] 566708/?
[INFO] 568078/?
[INFO] 569448/?
[INFO] 570818/?
[INFO] 572188/?
[INFO] 573558/?
[INFO] 574928/?
[INFO] 576298/?
[INFO] 577668/?
[INFO] 579038/?
[INFO] 580408/?
[INFO] 581632/?
[INFO] 582993/?
[INFO] 584363/?
[INFO] 585733/?
[INFO] 587103/?
[INFO] 588473/?
[INFO] 589843/?
[INFO] 591213/?
[INFO] 592583/?
[INFO] 593953/?
[INFO] 595323/?
[INFO] 596693/?
[INFO] 598063/?
[INFO] 599433/?
[INFO] 600803/?
[INFO] 602173/?
[INFO] 603543/?
[INFO] 604913/?
[INFO] 606283/?
[INFO] 607653/?
[INFO] 609023/?
[INFO] 610393/?
[INFO] 611763/?
[INFO] 613133/?
[INFO] 614503/?
[INFO] 615873/?
[INFO] 617243/?
[INFO] 618613/?
[INFO] 619983/?
[INFO] 621353/?
[INFO] 622723/?
[INFO] 624093/?
[INFO] 625463/?
[INFO] 626833/?
[INFO] 628203/?
[INFO] 629573/?
[INFO] 630943/?
[INFO] 632313/?
[INFO] 633683/?
[INFO] 635053/?
[INFO] 636423/?
[INFO] 637793/?
[INFO] 639163/?
[INFO] 640533/?
[INFO] 641903/?
[INFO] 643273/?
[INFO] 644643/?
[INFO] 646013/?
[INFO] 647383/?
[INFO] 648753/?
[INFO] 650123/?
[INFO] 650152/?
[INFO] 651522/?
[INFO] 652892/?
[INFO] 654262/?
[INFO] 655632/?
[INFO] 657002/?
[INFO] 658372/?
[INFO] 659742/?
[INFO] 661112/?
[INFO] 662482/?
[INFO] 663852/?
[INFO] 665222/?
[INFO] 666592/?
[INFO] 667962/?
[INFO] 669332/?
[INFO] 670702/?
[INFO] 672072/?
[INFO] 673442/?
[INFO] 674812/?
[INFO] 676182/?
[INFO] 677552/?
[INFO] 678922/?
[INFO] 680292/?
[INFO] 681662/?
[INFO] 683032/?
[INFO] 684402/?
[INFO] 685772/?
[INFO] 687142/?
[INFO] 688128/?
[INFO] 689489/?
[INFO] 690859/?
[INFO] 692229/?
[INFO] 693599/?
[INFO] 694969/?
[INFO] 696339/?
[INFO] 697709/?
[INFO] 699079/?
[INFO] 700449/?
[INFO] 701819/?
[INFO] 703189/?
[INFO] 704559/?
[INFO] 705929/?
[INFO] 707299/?
[INFO] 708669/?
[INFO] 710039/?
[INFO] 711409/?
[INFO] 712779/?
[INFO] 714149/?
[INFO] 715519/?
[INFO] 716889/?
[INFO] 718259/?
[INFO] 719629/?
[INFO] 720999/?
[INFO] 722369/?
[INFO] 723739/?
[INFO] 725109/?
[INFO] 726479/?
[INFO] 727849/?
[INFO] 729219/?
[INFO] 730589/?
[INFO] 731959/?
[INFO] 733329/?
[INFO] 734699/?
[INFO] 736069/?
[INFO] 737439/?
[INFO] 738809/?
[INFO] 740179/?
[INFO] 741549/?
[INFO] 742919/?
[INFO] 744289/?
[INFO] 745659/?
[INFO] 747029/?
[INFO] 748399/?
[INFO] 749769/?
[INFO] 751139/?
[INFO] 752509/?
[INFO] 753879/?
[INFO] 755249/?
[INFO] 756619/?
[INFO] 756656/?
[INFO] 758026/?
[INFO] 759396/?
[INFO] 760766/?
[INFO] 762136/?
[INFO] 763506/?
[INFO] 764876/?
[INFO] 766246/?
[INFO] 767616/?
[INFO] 768986/?
[INFO] 770356/?
[INFO] 771726/?
[INFO] 773096/?
[INFO] 774466/?
[INFO] 775836/?
[INFO] 777206/?
[INFO] 778576/?
[INFO] 779946/?
[INFO] 781316/?
[INFO] 782686/?
[INFO] 784056/?
[INFO] 785426/?
[INFO] 786432/?
[INFO] 787794/?
[INFO] 789164/?
[INFO] 790534/?
[INFO] 791904/?
[INFO] 793274/?
[INFO] 794644/?
[INFO] 795374/?
[INFO] 796744/?
[INFO] 798114/?
[INFO] 799484/?
[INFO] 800854/?
[INFO] 802224/?
[INFO] 802816/?
[INFO] 804177/?
[INFO] 805547/?
[INFO] 806917/?
[INFO] 808287/?
[INFO] 809657/?
[INFO] 811027/?
[INFO] 812397/?
[INFO] 813767/?
[INFO] 815137/?
[INFO] 816507/?
[INFO] 817877/?
[INFO] 819247/?
[INFO] 820617/?
[INFO] 821987/?
[INFO] 823357/?
[INFO] 824727/?
[INFO] 826097/?
[INFO] 827467/?
[INFO] 828837/?
[INFO] 830207/?
[INFO] 831577/?
[INFO] 832947/?
[INFO] 834317/?
[INFO] 835687/?
[INFO] 837057/?
[INFO] 838427/?
[INFO] 839797/?
[INFO] 841167/?
[INFO] 842537/?
[INFO] 843907/?
[INFO] 845277/?
[INFO] 846647/?
[INFO] 848017/?
[INFO] 849387/?
[INFO] 850757/?
[INFO] 852127/?
[INFO] 853497/?
[INFO] 854867/?
[INFO] 856237/?
[INFO] 857607/?
[INFO] 858977/?
[INFO] 860347/?
[INFO] 861717/?
[INFO] 863087/?
[INFO] 864457/?
[INFO] 865827/?
[INFO] 867197/?
[INFO] 868567/?
[INFO] 869937/?
[INFO] 871307/?
[INFO] 871344/?
[INFO] 872714/?
[INFO] 874084/?
[INFO] 875454/?
[INFO] 876824/?
[INFO] 878194/?
[INFO] 879564/?
[INFO] 880934/?
[INFO] 882304/?
[INFO] 883674/?
[INFO] 885044/?
[INFO] 886414/?
[INFO] 887784/?
[INFO] 889154/?
[INFO] 890524/?
[INFO] 891894/?
[INFO] 892928/?
[INFO] 894289/?
[INFO] 895659/?
[INFO] 897029/?
[INFO] 898399/?
[INFO] 899769/?
[INFO] 901139/?
[INFO] 902509/?
[INFO] 903879/?
[INFO] 905249/?
[INFO] 906619/?
[INFO] 907989/?
[INFO] 909359/?
[INFO] 910729/?
[INFO] 912099/?
[INFO] 913469/?
[INFO] 914839/?
[INFO] 916209/?
[INFO] 917579/?
[INFO] 918949/?
[INFO] 920319/?
[INFO] 921689/?
[INFO] 923059/?
[INFO] 924429/?
[INFO] 925799/?
[INFO] 927169/?
[INFO] 928539/?
[INFO] 929909/?
[INFO] 931279/?
[INFO] 932649/?
[INFO] 934019/?
[INFO] 935389/?
[INFO] 936759/?
[INFO] 938129/?
[INFO] 939499/?
[INFO] 940869/?
[INFO] 942239/?
[INFO] 943609/?
[INFO] 944979/?
[INFO] 946349/?
[INFO] 947719/?
[INFO] 949089/?
[INFO] 950459/?
[INFO] 951829/?
[INFO] 953199/?
[INFO] 954569/?
[INFO] 955939/?
[INFO] 957309/?
[INFO] 958679/?
[INFO] 960049/?
[INFO] 961419/?
[INFO] 961454/?
[INFO] 962824/?
[INFO] 964194/?
[INFO] 965564/?
[INFO] 966934/?
[INFO] 968304/?
[INFO] 969674/?
[INFO] 971044/?
[INFO] 972414/?
[INFO] 973784/?
[INFO] 975154/?
[INFO] 976524/?
[INFO] 977894/?
[INFO] 979264/?
[INFO] 980634/?
[INFO] 982004/?
[INFO] 983374/?
[INFO] 984744/?
[INFO] 986114/?
[INFO] 987484/?
[INFO] 988854/?
[INFO] 990224/?
[INFO] 991594/?
[INFO] 992964/?
[INFO] 994334/?
[INFO] 995704/?
[INFO] 997074/?
[INFO] 998444/?
[INFO] 999814/?
[INFO] 1001184/?
[INFO] 1002554/?
[INFO] 1003924/?
[INFO] 1005294/?
[INFO] 1006664/?
[INFO] 1008034/?
[INFO] 1009404/?
[INFO] 1010774/?
[INFO] 1012144/?
[INFO] 1013514/?
[INFO] 1014884/?
[INFO] 1016254/?
[INFO] 1017624/?
[INFO] 1018994/?
[INFO] 1020364/?
[INFO] 1021734/?
[INFO] 1023104/?
[INFO] 1024474/?
[INFO] 1025844/?
[INFO] 1027214/?
[INFO] 1028584/?
[INFO] 1029954/?
[INFO] 1030062/?
[INFO] 1031432/?
[INFO] 1032802/?
[INFO] 1034172/?
[INFO] 1035542/?
[INFO] 1036912/?
[INFO] 1038282/?
[INFO] 1039652/?
[INFO] 1040384/?
[INFO] 1041746/?
[INFO] 1043116/?
[INFO] 1044486/?
[INFO] 1045856/?
[INFO] 1047226/?
[INFO] 1048576/?
[INFO] 1049940/?
[INFO] 1051310/?
[INFO] 1052680/?
[INFO] 1054050/?
[INFO] 1055420/?
[INFO] 1056790/?
[INFO] 1058160/?
[INFO] 1059530/?
[INFO] 1060900/?
[INFO] 1062270/?
[INFO] 1063640/?
[INFO] 1065010/?
[INFO] 1066380/?
[INFO] 1067750/?
[INFO] 1069120/?
[INFO] 1070490/?
[INFO] 1071860/?
[INFO] 1073230/?
[INFO] 1074600/?
[INFO] 1075970/?
[INFO] 1077340/?
[INFO] 1078710/?
[INFO] 1080080/?
[INFO] 1081450/?
[INFO] 1082820/?
[INFO] 1084190/?
[INFO] 1085560/?
[INFO] 1086930/?
[INFO] 1088300/?
[INFO] 1089670/?
[INFO] 1091040/?
[INFO] 1092410/?
[INFO] 1093780/?
[INFO] 1095150/?
[INFO] 1096520/?
[INFO] 1097890/?
[INFO] 1099260/?
[INFO] 1100630/?
[INFO] 1102000/?
[INFO] 1103370/?
[INFO] 1103534/?
[INFO] 1104904/?
[INFO] 1105920/?
[INFO] 1107281/?
[INFO] 1108651/?
[INFO] 1110021/?
[INFO] 1111391/?
[INFO] 1112761/?
[INFO] 1114131/?
[INFO] 1115501/?
[INFO] 1116871/?
[INFO] 1118241/?
[INFO] 1119611/?
[INFO] 1120981/?
[INFO] 1122351/?
[INFO] 1123721/?
[INFO] 1125091/?
[INFO] 1126461/?
[INFO] 1127831/?
[INFO] 1129201/?
[INFO] 1130571/?
[INFO] 1131941/?
[INFO] 1133311/?
[INFO] 1134681/?
[INFO] 1136051/?
[INFO] 1137421/?
[INFO] 1138791/?
[INFO] 1140161/?
[INFO] 1141531/?
[INFO] 1142901/?
[INFO] 1144271/?
[INFO] 1145641/?
[INFO] 1147011/?
[INFO] 1148381/?
[INFO] 1149751/?
[INFO] 1151121/?
[INFO] 1152491/?
[INFO] 1153861/?
[INFO] 1155231/?
[INFO] 1156601/?
[INFO] 1157971/?
[INFO] 1159341/?
[INFO] 1160711/?
[INFO] 1162081/?
[INFO] 1163451/?
[INFO] 1164821/?
[INFO] 1166191/?
[INFO] 1167561/?
[INFO] 1168931/?
[INFO] 1170301/?
[INFO] 1171671/?
[INFO] 1173041/?
[INFO] 1174411/?
[INFO] 1175781/?
[INFO] 1177151/?
[INFO] 1178521/?
[INFO] 1179648/?
[INFO] 1181009/?
[INFO] 1182379/?
[INFO] 1183749/?
[INFO] 1185119/?
[INFO] 1186489/?
[INFO] 1187859/?
[INFO] 1189229/?
[INFO] 1190599/?
[INFO] 1191969/?
[INFO] 1193339/?
[INFO] 1194709/?
[INFO] 1196079/?
[INFO] 1197449/?
[INFO] 1198819/?
[INFO] 1200189/?
[INFO] 1201559/?
[INFO] 1202929/?
[INFO] 1204299/?
[INFO] 1205669/?
[INFO] 1207039/?
[INFO] 1208409/?
[INFO] 1209779/?
[INFO] 1211149/?
[INFO] 1212519/?
[INFO] 1213889/?
[INFO] 1215259/?
[INFO] 1216629/?
[INFO] 1217999/?
[INFO] 1219369/?
[INFO] 1220739/?
[INFO] 1222109/?
[INFO] 1223479/?
[INFO] 1224849/?
[INFO] 1226219/?
[INFO] 1227589/?
[INFO] 1228959/?
[INFO] 1230329/?
[INFO] 1231699/?
[INFO] 1233069/?
[INFO] 1234439/?
[INFO] 1235809/?
[INFO] 1237179/?
[INFO] 1238549/?
[INFO] 1239919/?
[INFO] 1241289/?
[INFO] 1242659/?
[INFO] 1244029/?
[INFO] 1245399/?
[INFO] 1246769/?
[INFO] 1248139/?
[INFO] 1248183/?
[INFO] 1249553/?
[INFO] 1250923/?
[INFO] 1252293/?
[INFO] 1253376/?
[INFO] 1254738/?
[INFO] 1256108/?
[INFO] 1257478/?
[INFO] 1258848/?
[INFO] 1260218/?
[INFO] 1261588/?
[INFO] 1262958/?
[INFO] 1264328/?
[INFO] 1265698/?
[INFO] 1267068/?
[INFO] 1268438/?
[INFO] 1269808/?
[INFO] 1271178/?
[INFO] 1272548/?
[INFO] 1273918/?
[INFO] 1275288/?
[INFO] 1276658/?
[INFO] 1278028/?
[INFO] 1279398/?
[INFO] 1280768/?
[INFO] 1282138/?
[INFO] 1283508/?
[INFO] 1284878/?
[INFO] 1286248/?
[INFO] 1287618/?
[INFO] 1288988/?
[INFO] 1290358/?
[INFO] 1291728/?
[INFO] 1293098/?
[INFO] 1294468/?
[INFO] 1295838/?
[INFO] 1297208/?
[INFO] 1298578/?
[INFO] 1299948/?
[INFO] 1301318/?
[INFO] 1302520/?
[INFO] 1303890/?
[INFO] 1305260/?
[INFO] 1306630/?
[INFO] 1308000/?
[INFO] 1309370/?
[INFO] 1310720/?
[INFO] 1312082/?
[INFO] 1313452/?
[INFO] 1314822/?
[INFO] 1316192/?
[INFO] 1317562/?
[INFO] 1318932/?
[INFO] 1320302/?
[INFO] 1321672/?
[INFO] 1323042/?
[INFO] 1324412/?
[INFO] 1325782/?
[INFO] 1327152/?
[INFO] 1328522/?
[INFO] 1329892/?
[INFO] 1331262/?
[INFO] 1332632/?
[INFO] 1334002/?
[INFO] 1335372/?
[INFO] 1336742/?
[INFO] 1338112/?
[INFO] 1339482/?
[INFO] 1340852/?
[INFO] 1342222/?
[INFO] 1343592/?
[INFO] 1344962/?
[INFO] 1346332/?
[INFO] 1347702/?
[INFO] 1349072/?
[INFO] 1350442/?
[INFO] 1351812/?
[INFO] 1353182/?
[INFO] 1354552/?
[INFO] 1355922/?
[INFO] 1357292/?
[INFO] 1358662/?
[INFO] 1360032/?
[INFO] 1361402/?
[INFO] 1362632/?
[INFO] 1364002/?
[INFO] 1365372/?
[INFO] 1366742/?
[INFO] 1368064/?
[INFO] 1369425/?
[INFO] 1370795/?
[INFO] 1372165/?
[INFO] 1373535/?
[INFO] 1374905/?
[INFO] 1376275/?
[INFO] 1377645/?
[INFO] 1379015/?
[INFO] 1380385/?
[INFO] 1381755/?
[INFO] 1383125/?
[INFO] 1384495/?
[INFO] 1385865/?
[INFO] 1387235/?
[INFO] 1388605/?
[INFO] 1389975/?
[INFO] 1391345/?
[INFO] 1392715/?
[INFO] 1394085/?
[INFO] 1395455/?
[INFO] 1396825/?
[INFO] 1398195/?
[INFO] 1399565/?
[INFO] 1400935/?
[INFO] 1402305/?
[INFO] 1403675/?
[INFO] 1405045/?
[INFO] 1406415/?
[INFO] 1407785/?
[INFO] 1409155/?
[INFO] 1410525/?
[INFO] 1411895/?
[INFO] 1413265/?
[INFO] 1414635/?
[INFO] 1416005/?
[INFO] 1417375/?
[INFO] 1418745/?
[INFO] 1420115/?
[INFO] 1421485/?
[INFO] 1422855/?
[INFO] 1424225/?
[INFO] 1425595/?
[INFO] 1426965/?
[INFO] 1428335/?
[INFO] 1429705/?
[INFO] 1431075/?
[INFO] 1432445/?
[INFO] 1433815/?
[INFO] 1435185/?
[INFO] 1436555/?
[INFO] 1436599/?
[INFO] 1437969/?
[INFO] 1439339/?
[INFO] 1440709/?
[INFO] 1442079/?
[INFO] 1443449/?
[INFO] 1444819/?
[INFO] 1446189/?
[INFO] 1447559/?
[INFO] 1448929/?
[INFO] 1449984/?
[INFO] 1451346/?
[INFO] 1452716/?
[INFO] 1454086/?
[INFO] 1455456/?
[INFO] 1456826/?
[INFO] 1458196/?
[INFO] 1459566/?
[INFO] 1460936/?
[INFO] 1462306/?
[INFO] 1463676/?
[INFO] 1465046/?
[INFO] 1466416/?
[INFO] 1467786/?
[INFO] 1469156/?
[INFO] 1470526/?
[INFO] 1471896/?
[INFO] 1473266/?
[INFO] 1474636/?
[INFO] 1476006/?
[INFO] 1477376/?
[INFO] 1478648/?
[INFO] 1480018/?
[INFO] 1480589/?
[INFO] downloaded 1480589
[INFO] Expanding: /var/tmp/Roost/RoostGPT/adp_api_test_karate_sonnet4/7c6fee3b-4e11-49c8-9c36-2abf7aeb8ed7/source/petstore/target/master.tar.gz into /var/tmp/Roost/RoostGPT/adp_api_test_karate_sonnet4/7c6fee3b-4e11-49c8-9c36-2abf7aeb8ed7/source/petstore/target
[INFO] 
[INFO] --- build-helper-maven-plugin:1.12:add-source (add-source) @ swagger-petstore ---
[INFO] Source directory: /var/tmp/Roost/RoostGPT/adp_api_test_karate_sonnet4/7c6fee3b-4e11-49c8-9c36-2abf7aeb8ed7/source/petstore/src/gen/java added.
[INFO] 
[INFO] --- maven-resources-plugin:2.4.3:resources (default-resources) @ swagger-petstore ---
[INFO] Using 'UTF-8' encoding to copy filtered resources.
[INFO] Copying 1 resource
[INFO] 
[INFO] --- maven-compiler-plugin:3.11.0:compile (default-compile) @ swagger-petstore ---
[INFO] Changes detected - recompiling the module! :source
[INFO] Compiling 21 source files with javac [debug target 1.8] to target/classes
[WARNING] bootstrap class path not set in conjunction with -source 8
[WARNING] source value 8 is obsolete and will be removed in a future release
[WARNING] target value 8 is obsolete and will be removed in a future release
[WARNING] To suppress warnings about obsolete options, use -Xlint:-options.
[INFO] /var/tmp/Roost/RoostGPT/adp_api_test_karate_sonnet4/7c6fee3b-4e11-49c8-9c36-2abf7aeb8ed7/source/petstore/src/main/java/io/swagger/petstore/controller/UserController.java: Some input files use or override a deprecated API.
[INFO] /var/tmp/Roost/RoostGPT/adp_api_test_karate_sonnet4/7c6fee3b-4e11-49c8-9c36-2abf7aeb8ed7/source/petstore/src/main/java/io/swagger/petstore/controller/UserController.java: Recompile with -Xlint:deprecation for details.
[INFO] 
[INFO] --- maven-resources-plugin:2.4.3:testResources (default-testResources) @ swagger-petstore ---
[INFO] Using 'UTF-8' encoding to copy filtered resources.
[INFO] skip non existing resourceDirectory /var/tmp/Roost/RoostGPT/adp_api_test_karate_sonnet4/7c6fee3b-4e11-49c8-9c36-2abf7aeb8ed7/source/petstore/src/test/resources
[INFO] 
[INFO] --- maven-compiler-plugin:3.11.0:testCompile (default-testCompile) @ swagger-petstore ---
[INFO] Changes detected - recompiling the module! :dependency
[INFO] Compiling 2 source files with javac [debug target 1.8] to target/test-classes
[WARNING] bootstrap class path not set in conjunction with -source 8
[WARNING] source value 8 is obsolete and will be removed in a future release
[WARNING] target value 8 is obsolete and will be removed in a future release
[WARNING] To suppress warnings about obsolete options, use -Xlint:-options.
[INFO] 
[INFO] --- maven-surefire-plugin:3.2.5:test (default-test) @ swagger-petstore ---
[INFO] Using auto detected provider org.apache.maven.surefire.junitplatform.JUnitPlatformProvider
[INFO] 
[INFO] -------------------------------------------------------
[INFO]  T E S T S
[INFO] -------------------------------------------------------
[INFO] Running io.swagger.api_tests.Adp.AdpTest
[ERROR] Tests run: 1, Failures: 0, Errors: 1, Skipped: 0, Time elapsed: 0.057 s <<< FAILURE! -- in io.swagger.api_tests.Adp.AdpTest
[ERROR] io.swagger.api_tests.Adp.AdpTest.testAll -- Time elapsed: 0.035 s <<< ERROR!
java.lang.NoSuchMethodError: 'java.lang.ClassLoader ch.qos.logback.core.util.Loader.systemClassloaderIfNull(java.lang.ClassLoader)'
	at ch.qos.logback.classic.util.ContextInitializer.autoConfig(ContextInitializer.java:73)
	at ch.qos.logback.classic.util.ContextInitializer.autoConfig(ContextInitializer.java:66)
	at ch.qos.logback.classic.spi.LogbackServiceProvider.initializeLoggerContext(LogbackServiceProvider.java:52)
	at ch.qos.logback.classic.spi.LogbackServiceProvider.initialize(LogbackServiceProvider.java:41)
	at org.slf4j.LoggerFactory.bind(LoggerFactory.java:196)
	at org.slf4j.LoggerFactory.performInitialization(LoggerFactory.java:183)
	at org.slf4j.LoggerFactory.getProvider(LoggerFactory.java:486)
	at org.slf4j.LoggerFactory.getILoggerFactory(LoggerFactory.java:472)
	at org.slf4j.LoggerFactory.getLogger(LoggerFactory.java:421)
	at org.slf4j.LoggerFactory.getLogger(LoggerFactory.java:447)
	at com.intuit.karate.Runner.<clinit>(Runner.java:49)
	at io.swagger.api_tests.Adp.AdpTest.testAll(AdpTest.java:17)
	at java.base/java.lang.reflect.Method.invoke(Method.java:580)
	at java.base/java.util.ArrayList.forEach(ArrayList.java:1596)
	at java.base/java.util.ArrayList.forEach(ArrayList.java:1596)

[INFO] 
[INFO] Results:
[INFO] 
[ERROR] Errors: 
[ERROR]   AdpTest.testAll:17 » NoSuchMethod 'java.lang.ClassLoader ch.qos.logback.core.util.Loader.systemClassloaderIfNull(java.lang.ClassLoader)'
[INFO] 
[ERROR] Tests run: 1, Failures: 0, Errors: 1, Skipped: 0
[INFO] 
[ERROR] 

Please refer to /var/tmp/Roost/RoostGPT/adp_api_test_karate_sonnet4/7c6fee3b-4e11-49c8-9c36-2abf7aeb8ed7/source/petstore/target/surefire-reports for the individual test results.
Please refer to dump files (if any exist) [date].dump, [date]-jvmRun[N].dump and [date].dumpstream.
[INFO] ------------------------------------------------------------------------
[INFO] BUILD SUCCESS
[INFO] ------------------------------------------------------------------------
[INFO] Total time:  4.380 s
[INFO] Finished at: 2025-07-11T05:01:26Z
[INFO] ------------------------------------------------------------------------
stderr: 





